生成启动时间为 2022-04-22 14:30:09。
     1>项目“E:\Source\MFC\JovTool\JovTool\JovTool.vcxproj”在节点 2 上(Build 个目标)。
     1>ClCompile:
         C:\Program Files (x86)\Microsoft Visual Studio 12.0\VC\bin\CL.exe /c /I../Public/Include /IE:\Source\MFC\JovTool\CEF\Win32\ /ZI /nologo /W3 /WX- /Od /Oy- /D WIN32 /D _WINDOWS /D _DEBUG /D WPCAP /D HAVE_REMOTE /D _UNICODE /D UNICODE /Gm /EHsc /RTC1 /MTd /GS /fp:precise /Zc:wchar_t /Zc:forScope /Yu"stdafx.h" /Fp"Debug\JovTool.pch" /Fo"Debug\\" /Fd"Debug\vc120.pdb" /Gd /TP /analyze- /errorReport:prompt JovToolDlg.cpp
         JovToolDlg.cpp
     1>e:\source\mfc\jovtool\public\include\protocol.h(17): warning C4091: “typedef ”: 没有声明变量时忽略“ethhdr”的左侧
     1>e:\source\mfc\jovtool\public\include\protocol.h(31): warning C4091: “typedef ”: 没有声明变量时忽略“arphdr”的左侧
     1>e:\source\mfc\jovtool\public\include\protocol.h(53): warning C4091: “typedef ”: 没有声明变量时忽略“iphdr”的左侧
     1>e:\source\mfc\jovtool\public\include\protocol.h(105): warning C4091: “typedef ”: 没有声明变量时忽略“tcphdr”的左侧
     1>e:\source\mfc\jovtool\public\include\protocol.h(128): warning C4091: “typedef ”: 没有声明变量时忽略“udphdr”的左侧
     1>e:\source\mfc\jovtool\public\include\protocol.h(137): warning C4091: “typedef ”: 没有声明变量时忽略“icmphdr”的左侧
     1>e:\source\mfc\jovtool\public\include\protocol.h(156): warning C4091: “typedef ”: 没有声明变量时忽略“iphdr6”的左侧
     1>e:\source\mfc\jovtool\public\include\protocol.h(168): warning C4091: “typedef ”: 没有声明变量时忽略“icmphdr6”的左侧
     1>e:\source\mfc\jovtool\public\include\protocol.h(183): warning C4091: “typedef ”: 没有声明变量时忽略“pktcount”的左侧
     1>e:\source\mfc\jovtool\public\include\protocol.h(205): warning C4091: “typedef ”: 没有声明变量时忽略“datapkt”的左侧
     1>e:\source\mfc\jovtool\jovtool\jovtooldlg.cpp(928): warning C4244: “初始化”: 从“ULONGLONG”转换到“int”，可能丢失数据
     1>e:\source\mfc\jovtool\jovtool\jovtooldlg.cpp(985): warning C4018: “<”: 有符号/无符号不匹配
     1>e:\source\mfc\jovtool\jovtool\jovtooldlg.cpp(1026): warning C4018: “<”: 有符号/无符号不匹配
     1>e:\source\mfc\jovtool\jovtool\jovtooldlg.cpp(1086): warning C4553: “==”: 运算符不起任何作用；是否是有意使用“=”的?
     1>e:\source\mfc\jovtool\jovtool\jovtooldlg.cpp(1105): warning C4018: “<”: 有符号/无符号不匹配
     1>e:\source\mfc\jovtool\jovtool\jovtooldlg.cpp(1117): warning C4018: “<”: 有符号/无符号不匹配
       Link:
         C:\Program Files (x86)\Microsoft Visual Studio 12.0\VC\bin\link.exe /ERRORREPORT:PROMPT /OUT:"E:\Source\MFC\JovTool\Debug\JovTool.exe" /INCREMENTAL /NOLOGO /LIBPATH:..\Lib\ /LIBPATH:E:\Source\MFC\JovTool\CEF\Win32\Debug libcef.lib libcef_dll_wrapper.lib zlib.lib wpcap.lib ws2_32.lib /MANIFEST /MANIFESTUAC:"level='asInvoker' uiAccess='false'" /manifest:embed /manifestinput:"C:\Program Files (x86)\Microsoft Visual Studio 12.0\VC\Include\Manifest\dpiaware.manifest" /DEBUG /PDB:"E:\Source\MFC\JovTool\Debug\JovTool.pdb" /SUBSYSTEM:WINDOWS /STACK:"16000000","16000000" /TLBID:1 /ENTRY:"wWinMainCRTStartup" /DYNAMICBASE /NXCOMPAT /IMPLIB:"E:\Source\MFC\JovTool\Debug\JovTool.lib" /MACHINE:X86 Debug\JovTool.res
         Debug\encode.obj
         Debug\Markup.obj
         Debug\md5.obj
         Debug\Pub.obj
         Debug\Thread.obj
         Debug\tinystr.obj
         Debug\tinyxml.obj
         Debug\tinyxmlerror.obj
         Debug\tinyxmlparser.obj
         Debug\utilities.obj
         Debug\CatchPack.obj
         Debug\HttpClient.obj
         Debug\JovTool.obj
         Debug\JovToolDlg.obj
         Debug\SocketHandle.obj
         Debug\stdafx.obj
         Debug\surf.obj
         Debug\TempletWeb.obj
         Debug\webHandler.obj
         JovTool.vcxproj -> E:\Source\MFC\JovTool\Debug\JovTool.exe
     1>已完成生成项目“E:\Source\MFC\JovTool\JovTool\JovTool.vcxproj”(Build 个目标)的操作。

生成成功。

已用时间 00:00:03.41
