[1217/141531.855:INFO:CONSOLE(201)] "A parser-blocking, cross site (i.e. different eTLD+1) script, https://ss1.bdstatic.com/5eN1bjq8AAUYm2zgoY3K/r/www/cache/static/protocol/https/bundles/polyfill_9354efa.js, is invoked via document.write. The network request for this script MAY be blocked by the browser in this or a future page load due to poor network connectivity. If blocked in this page load, it will be confirmed in a subsequent console message. See https://www.chromestatus.com/feature/5718547946799104 for more details.", source: https://www.baidu.com/ (201)
[1217/141531.856:INFO:CONSOLE(201)] "A parser-blocking, cross site (i.e. different eTLD+1) script, https://ss1.bdstatic.com/5eN1bjq8AAUYm2zgoY3K/r/www/cache/static/protocol/https/bundles/polyfill_9354efa.js, is invoked via document.write. The network request for this script MAY be blocked by the browser in this or a future page load due to poor network connectivity. If blocked in this page load, it will be confirmed in a subsequent console message. See https://www.chromestatus.com/feature/5718547946799104 for more details.", source: https://www.baidu.com/ (201)
[1217/141531.856:INFO:CONSOLE(201)] "A parser-blocking, cross site (i.e. different eTLD+1) script, https://ss1.bdstatic.com/5eN1bjq8AAUYm2zgoY3K/r/www/cache/static/protocol/https/global/js/all_async_search_dafef7e.js, is invoked via document.write. The network request for this script MAY be blocked by the browser in this or a future page load due to poor network connectivity. If blocked in this page load, it will be confirmed in a subsequent console message. See https://www.chromestatus.com/feature/5718547946799104 for more details.", source: https://www.baidu.com/ (201)
[1217/141532.181:INFO:CONSOLE(201)] "æ¯ä¸€ä¸ªæ˜Ÿçƒéƒ½æœ‰ä¸€ä¸ªé©±åŠ¨æ ¸å¿ƒï¼Œ
æ¯ä¸€ç§æ€æƒ³éƒ½æœ‰å½±å“åŠ›çš„ç§å­ã€‚
æ„Ÿå—ä¸–ç•Œçš„æ¸©åº¦ï¼Œ
å¹´è½»çš„ä½ ä¹Ÿèƒ½æˆä¸ºæ”¹å˜ä¸–ç•Œçš„åŠ¨åŠ›ï¼Œ
ç™¾åº¦çæƒœä½ æ‰€æœ‰çš„æ½œåŠ›ã€‚
ä½ çš„æ½œåŠ›ï¼Œæ˜¯æ”¹å˜ä¸–ç•Œçš„åŠ¨åŠ›ï¼

", source: https://ss1.bdstatic.com/5eN1bjq8AAUYm2zgoY3K/r/www/cache/static/protocol/https/global/js/all_async_search_dafef7e.js (201)
[1217/141532.181:INFO:CONSOLE(201)] "%cç™¾åº¦2021æ ¡å›­æ‹›è˜ç®€å†æŠ•é€’ï¼šhttps://talent.baidu.com/external/baidu/campus.html color:red", source: https://ss1.bdstatic.com/5eN1bjq8AAUYm2zgoY3K/r/www/cache/static/protocol/https/global/js/all_async_search_dafef7e.js (201)
[1217/143640.317:INFO:CONSOLE(201)] "A parser-blocking, cross site (i.e. different eTLD+1) script, https://ss1.bdstatic.com/5eN1bjq8AAUYm2zgoY3K/r/www/cache/static/protocol/https/bundles/polyfill_9354efa.js, is invoked via document.write. The network request for this script MAY be blocked by the browser in this or a future page load due to poor network connectivity. If blocked in this page load, it will be confirmed in a subsequent console message. See https://www.chromestatus.com/feature/5718547946799104 for more details.", source: https://www.baidu.com/ (201)
[1217/143640.320:INFO:CONSOLE(201)] "A parser-blocking, cross site (i.e. different eTLD+1) script, https://ss1.bdstatic.com/5eN1bjq8AAUYm2zgoY3K/r/www/cache/static/protocol/https/bundles/polyfill_9354efa.js, is invoked via document.write. The network request for this script MAY be blocked by the browser in this or a future page load due to poor network connectivity. If blocked in this page load, it will be confirmed in a subsequent console message. See https://www.chromestatus.com/feature/5718547946799104 for more details.", source: https://www.baidu.com/ (201)
[1217/143640.321:INFO:CONSOLE(201)] "A parser-blocking, cross site (i.e. different eTLD+1) script, https://ss1.bdstatic.com/5eN1bjq8AAUYm2zgoY3K/r/www/cache/static/protocol/https/global/js/all_async_search_dafef7e.js, is invoked via document.write. The network request for this script MAY be blocked by the browser in this or a future page load due to poor network connectivity. If blocked in this page load, it will be confirmed in a subsequent console message. See https://www.chromestatus.com/feature/5718547946799104 for more details.", source: https://www.baidu.com/ (201)
[1217/143640.626:INFO:CONSOLE(201)] "æ¯ä¸€ä¸ªæ˜Ÿçƒéƒ½æœ‰ä¸€ä¸ªé©±åŠ¨æ ¸å¿ƒï¼Œ
æ¯ä¸€ç§æ€æƒ³éƒ½æœ‰å½±å“åŠ›çš„ç§å­ã€‚
æ„Ÿå—ä¸–ç•Œçš„æ¸©åº¦ï¼Œ
å¹´è½»çš„ä½ ä¹Ÿèƒ½æˆä¸ºæ”¹å˜ä¸–ç•Œçš„åŠ¨åŠ›ï¼Œ
ç™¾åº¦çæƒœä½ æ‰€æœ‰çš„æ½œåŠ›ã€‚
ä½ çš„æ½œåŠ›ï¼Œæ˜¯æ”¹å˜ä¸–ç•Œçš„åŠ¨åŠ›ï¼

", source: https://ss1.bdstatic.com/5eN1bjq8AAUYm2zgoY3K/r/www/cache/static/protocol/https/global/js/all_async_search_dafef7e.js (201)
[1217/143640.626:INFO:CONSOLE(201)] "%cç™¾åº¦2021æ ¡å›­æ‹›è˜ç®€å†æŠ•é€’ï¼šhttps://talent.baidu.com/external/baidu/campus.html color:red", source: https://ss1.bdstatic.com/5eN1bjq8AAUYm2zgoY3K/r/www/cache/static/protocol/https/global/js/all_async_search_dafef7e.js (201)
[1217/143654.437:WARNING:spdy_session.cc(3352)] Received HEADERS for invalid stream 15
[1217/143654.440:WARNING:spdy_session.cc(3352)] Received HEADERS for invalid stream 17
[1217/143654.447:WARNING:spdy_session.cc(3352)] Received HEADERS for invalid stream 19
[1218/150617.121:FATAL:cef_ref_counted.h(325)] Assert failed: ptr_ != 0. 
[1218/151316.858:ERROR:dxva_video_decode_accelerator_win.cc(1338)] DXVAVDA fatal error: Could not load mf.dll: ÕÒ²»µ½Ö¸¶¨µÄÄ£¿é¡£ (0x7E)
[1218/151321.491:ERROR:system_network_context_manager.cc(580)] Cannot use V8 Proxy resolver in single process mode.
[1218/151321.537:ERROR:system_network_context_manager.cc(580)] Cannot use V8 Proxy resolver in single process mode.
[1218/151331.952:INFO:CONSOLE(201)] "A parser-blocking, cross site (i.e. different eTLD+1) script, https://ss1.bdstatic.com/5eN1bjq8AAUYm2zgoY3K/r/www/cache/static/protocol/https/bundles/polyfill_9354efa.js, is invoked via document.write. The network request for this script MAY be blocked by the browser in this or a future page load due to poor network connectivity. If blocked in this page load, it will be confirmed in a subsequent console message. See https://www.chromestatus.com/feature/5718547946799104 for more details.", source: https://www.baidu.com/ (201)
[1218/151331.953:INFO:CONSOLE(201)] "A parser-blocking, cross site (i.e. different eTLD+1) script, https://ss1.bdstatic.com/5eN1bjq8AAUYm2zgoY3K/r/www/cache/static/protocol/https/bundles/polyfill_9354efa.js, is invoked via document.write. The network request for this script MAY be blocked by the browser in this or a future page load due to poor network connectivity. If blocked in this page load, it will be confirmed in a subsequent console message. See https://www.chromestatus.com/feature/5718547946799104 for more details.", source: https://www.baidu.com/ (201)
[1218/151331.954:INFO:CONSOLE(201)] "A parser-blocking, cross site (i.e. different eTLD+1) script, https://ss1.bdstatic.com/5eN1bjq8AAUYm2zgoY3K/r/www/cache/static/protocol/https/global/js/all_async_search_dafef7e.js, is invoked via document.write. The network request for this script MAY be blocked by the browser in this or a future page load due to poor network connectivity. If blocked in this page load, it will be confirmed in a subsequent console message. See https://www.chromestatus.com/feature/5718547946799104 for more details.", source: https://www.baidu.com/ (201)
[1218/151332.257:INFO:CONSOLE(201)] "æ¯ä¸€ä¸ªæ˜Ÿçƒéƒ½æœ‰ä¸€ä¸ªé©±åŠ¨æ ¸å¿ƒï¼Œ
æ¯ä¸€ç§æ€æƒ³éƒ½æœ‰å½±å“åŠ›çš„ç§å­ã€‚
æ„Ÿå—ä¸–ç•Œçš„æ¸©åº¦ï¼Œ
å¹´è½»çš„ä½ ä¹Ÿèƒ½æˆä¸ºæ”¹å˜ä¸–ç•Œçš„åŠ¨åŠ›ï¼Œ
ç™¾åº¦çæƒœä½ æ‰€æœ‰çš„æ½œåŠ›ã€‚
ä½ çš„æ½œåŠ›ï¼Œæ˜¯æ”¹å˜ä¸–ç•Œçš„åŠ¨åŠ›ï¼

", source: https://ss1.bdstatic.com/5eN1bjq8AAUYm2zgoY3K/r/www/cache/static/protocol/https/global/js/all_async_search_dafef7e.js (201)
[1218/151332.258:INFO:CONSOLE(201)] "%cç™¾åº¦2021æ ¡å›­æ‹›è˜ç®€å†æŠ•é€’ï¼šhttps://talent.baidu.com/external/baidu/campus.html color:red", source: https://ss1.bdstatic.com/5eN1bjq8AAUYm2zgoY3K/r/www/cache/static/protocol/https/global/js/all_async_search_dafef7e.js (201)
[1218/151642.642:INFO:CONSOLE(201)] "A parser-blocking, cross site (i.e. different eTLD+1) script, https://ss1.bdstatic.com/5eN1bjq8AAUYm2zgoY3K/r/www/cache/static/protocol/https/bundles/polyfill_9354efa.js, is invoked via document.write. The network request for this script MAY be blocked by the browser in this or a future page load due to poor network connectivity. If blocked in this page load, it will be confirmed in a subsequent console message. See https://www.chromestatus.com/feature/5718547946799104 for more details.", source: https://www.baidu.com/ (201)
[1218/151642.643:INFO:CONSOLE(201)] "A parser-blocking, cross site (i.e. different eTLD+1) script, https://ss1.bdstatic.com/5eN1bjq8AAUYm2zgoY3K/r/www/cache/static/protocol/https/bundles/polyfill_9354efa.js, is invoked via document.write. The network request for this script MAY be blocked by the browser in this or a future page load due to poor network connectivity. If blocked in this page load, it will be confirmed in a subsequent console message. See https://www.chromestatus.com/feature/5718547946799104 for more details.", source: https://www.baidu.com/ (201)
[1218/151642.644:INFO:CONSOLE(201)] "A parser-blocking, cross site (i.e. different eTLD+1) script, https://ss1.bdstatic.com/5eN1bjq8AAUYm2zgoY3K/r/www/cache/static/protocol/https/global/js/all_async_search_dafef7e.js, is invoked via document.write. The network request for this script MAY be blocked by the browser in this or a future page load due to poor network connectivity. If blocked in this page load, it will be confirmed in a subsequent console message. See https://www.chromestatus.com/feature/5718547946799104 for more details.", source: https://www.baidu.com/ (201)
[1218/151642.690:INFO:CONSOLE(201)] "æ¯ä¸€ä¸ªæ˜Ÿçƒéƒ½æœ‰ä¸€ä¸ªé©±åŠ¨æ ¸å¿ƒï¼Œ
æ¯ä¸€ç§æ€æƒ³éƒ½æœ‰å½±å“åŠ›çš„ç§å­ã€‚
æ„Ÿå—ä¸–ç•Œçš„æ¸©åº¦ï¼Œ
å¹´è½»çš„ä½ ä¹Ÿèƒ½æˆä¸ºæ”¹å˜ä¸–ç•Œçš„åŠ¨åŠ›ï¼Œ
ç™¾åº¦çæƒœä½ æ‰€æœ‰çš„æ½œåŠ›ã€‚
ä½ çš„æ½œåŠ›ï¼Œæ˜¯æ”¹å˜ä¸–ç•Œçš„åŠ¨åŠ›ï¼

", source: https://ss1.bdstatic.com/5eN1bjq8AAUYm2zgoY3K/r/www/cache/static/protocol/https/global/js/all_async_search_dafef7e.js (201)
[1218/151642.691:INFO:CONSOLE(201)] "%cç™¾åº¦2021æ ¡å›­æ‹›è˜ç®€å†æŠ•é€’ï¼šhttps://talent.baidu.com/external/baidu/campus.html color:red", source: https://ss1.bdstatic.com/5eN1bjq8AAUYm2zgoY3K/r/www/cache/static/protocol/https/global/js/all_async_search_dafef7e.js (201)
[1218/151910.839:ERROR:dxva_video_decode_accelerator_win.cc(1338)] DXVAVDA fatal error: Could not load msmpeg2vdec.dll: ÕÒ²»µ½Ö¸¶¨µÄÄ£¿é¡£ (0x7E)
[1218/151930.455:ERROR:system_network_context_manager.cc(580)] Cannot use V8 Proxy resolver in single process mode.
[1218/151930.459:ERROR:system_network_context_manager.cc(580)] Cannot use V8 Proxy resolver in single process mode.
[1218/151931.933:INFO:CONSOLE(201)] "A parser-blocking, cross site (i.e. different eTLD+1) script, https://ss1.bdstatic.com/5eN1bjq8AAUYm2zgoY3K/r/www/cache/static/protocol/https/bundles/polyfill_9354efa.js, is invoked via document.write. The network request for this script MAY be blocked by the browser in this or a future page load due to poor network connectivity. If blocked in this page load, it will be confirmed in a subsequent console message. See https://www.chromestatus.com/feature/5718547946799104 for more details.", source: https://www.baidu.com/ (201)
[1218/151931.934:INFO:CONSOLE(201)] "A parser-blocking, cross site (i.e. different eTLD+1) script, https://ss1.bdstatic.com/5eN1bjq8AAUYm2zgoY3K/r/www/cache/static/protocol/https/bundles/polyfill_9354efa.js, is invoked via document.write. The network request for this script MAY be blocked by the browser in this or a future page load due to poor network connectivity. If blocked in this page load, it will be confirmed in a subsequent console message. See https://www.chromestatus.com/feature/5718547946799104 for more details.", source: https://www.baidu.com/ (201)
[1218/151931.935:INFO:CONSOLE(201)] "A parser-blocking, cross site (i.e. different eTLD+1) script, https://ss1.bdstatic.com/5eN1bjq8AAUYm2zgoY3K/r/www/cache/static/protocol/https/global/js/all_async_search_dafef7e.js, is invoked via document.write. The network request for this script MAY be blocked by the browser in this or a future page load due to poor network connectivity. If blocked in this page load, it will be confirmed in a subsequent console message. See https://www.chromestatus.com/feature/5718547946799104 for more details.", source: https://www.baidu.com/ (201)
[1218/151932.159:INFO:CONSOLE(201)] "æ¯ä¸€ä¸ªæ˜Ÿçƒéƒ½æœ‰ä¸€ä¸ªé©±åŠ¨æ ¸å¿ƒï¼Œ
æ¯ä¸€ç§æ€æƒ³éƒ½æœ‰å½±å“åŠ›çš„ç§å­ã€‚
æ„Ÿå—ä¸–ç•Œçš„æ¸©åº¦ï¼Œ
å¹´è½»çš„ä½ ä¹Ÿèƒ½æˆä¸ºæ”¹å˜ä¸–ç•Œçš„åŠ¨åŠ›ï¼Œ
ç™¾åº¦çæƒœä½ æ‰€æœ‰çš„æ½œåŠ›ã€‚
ä½ çš„æ½œåŠ›ï¼Œæ˜¯æ”¹å˜ä¸–ç•Œçš„åŠ¨åŠ›ï¼

", source: https://ss1.bdstatic.com/5eN1bjq8AAUYm2zgoY3K/r/www/cache/static/protocol/https/global/js/all_async_search_dafef7e.js (201)
[1218/151932.159:INFO:CONSOLE(201)] "%cç™¾åº¦2021æ ¡å›­æ‹›è˜ç®€å†æŠ•é€’ï¼šhttps://talent.baidu.com/external/baidu/campus.html color:red", source: https://ss1.bdstatic.com/5eN1bjq8AAUYm2zgoY3K/r/www/cache/static/protocol/https/global/js/all_async_search_dafef7e.js (201)
[1218/152131.451:ERROR:dxva_video_decode_accelerator_win.cc(1338)] DXVAVDA fatal error: Could not load msmpeg2vdec.dll: ÕÒ²»µ½Ö¸¶¨µÄÄ£¿é¡£ (0x7E)
[1218/152142.776:ERROR:system_network_context_manager.cc(580)] Cannot use V8 Proxy resolver in single process mode.
[1218/152142.799:ERROR:system_network_context_manager.cc(580)] Cannot use V8 Proxy resolver in single process mode.
[1218/152143.883:INFO:CONSOLE(201)] "A parser-blocking, cross site (i.e. different eTLD+1) script, https://ss1.bdstatic.com/5eN1bjq8AAUYm2zgoY3K/r/www/cache/static/protocol/https/bundles/polyfill_9354efa.js, is invoked via document.write. The network request for this script MAY be blocked by the browser in this or a future page load due to poor network connectivity. If blocked in this page load, it will be confirmed in a subsequent console message. See https://www.chromestatus.com/feature/5718547946799104 for more details.", source: https://www.baidu.com/ (201)
[1218/152143.893:INFO:CONSOLE(201)] "A parser-blocking, cross site (i.e. different eTLD+1) script, https://ss1.bdstatic.com/5eN1bjq8AAUYm2zgoY3K/r/www/cache/static/protocol/https/bundles/polyfill_9354efa.js, is invoked via document.write. The network request for this script MAY be blocked by the browser in this or a future page load due to poor network connectivity. If blocked in this page load, it will be confirmed in a subsequent console message. See https://www.chromestatus.com/feature/5718547946799104 for more details.", source: https://www.baidu.com/ (201)
[1218/152143.897:INFO:CONSOLE(201)] "A parser-blocking, cross site (i.e. different eTLD+1) script, https://ss1.bdstatic.com/5eN1bjq8AAUYm2zgoY3K/r/www/cache/static/protocol/https/global/js/all_async_search_dafef7e.js, is invoked via document.write. The network request for this script MAY be blocked by the browser in this or a future page load due to poor network connectivity. If blocked in this page load, it will be confirmed in a subsequent console message. See https://www.chromestatus.com/feature/5718547946799104 for more details.", source: https://www.baidu.com/ (201)
[1218/152144.182:INFO:CONSOLE(201)] "æ¯ä¸€ä¸ªæ˜Ÿçƒéƒ½æœ‰ä¸€ä¸ªé©±åŠ¨æ ¸å¿ƒï¼Œ
æ¯ä¸€ç§æ€æƒ³éƒ½æœ‰å½±å“åŠ›çš„ç§å­ã€‚
æ„Ÿå—ä¸–ç•Œçš„æ¸©åº¦ï¼Œ
å¹´è½»çš„ä½ ä¹Ÿèƒ½æˆä¸ºæ”¹å˜ä¸–ç•Œçš„åŠ¨åŠ›ï¼Œ
ç™¾åº¦çæƒœä½ æ‰€æœ‰çš„æ½œåŠ›ã€‚
ä½ çš„æ½œåŠ›ï¼Œæ˜¯æ”¹å˜ä¸–ç•Œçš„åŠ¨åŠ›ï¼

", source: https://ss1.bdstatic.com/5eN1bjq8AAUYm2zgoY3K/r/www/cache/static/protocol/https/global/js/all_async_search_dafef7e.js (201)
[1218/152144.183:INFO:CONSOLE(201)] "%cç™¾åº¦2021æ ¡å›­æ‹›è˜ç®€å†æŠ•é€’ï¼šhttps://talent.baidu.com/external/baidu/campus.html color:red", source: https://ss1.bdstatic.com/5eN1bjq8AAUYm2zgoY3K/r/www/cache/static/protocol/https/global/js/all_async_search_dafef7e.js (201)
[1218/152203.598:ERROR:ssl_client_socket_impl.cc(963)] handshake failed; returned -1, SSL error code 1, net_error -107
[1218/152203.613:ERROR:ssl_client_socket_impl.cc(963)] handshake failed; returned -1, SSL error code 1, net_error -107
[1218/152204.707:INFO:CONSOLE(1)] "init cfg= [object Object]", source: https://g.csdnimg.cn/baidu-search/1.0.7/baidu-search.js (1)
[1218/152204.729:INFO:CONSOLE(1)] "user-loginç»„ä»¶é‡å¤ï¼Œè¯·æ£€æŸ¥ï¼", source: https://g.csdnimg.cn/user-login/2.3.2/user-login.js (1)
[1218/152204.927:INFO:CONSOLE(1)] "login-box has no loginBoxParams", source: https://g.csdnimg.cn/login-box/1.1.4/login-box.js (1)
[1218/152205.046:INFO:CONSOLE(382)] "Uncaught (in promise) ReferenceError: Notification is not defined", source: https://g.csdnimg.cn/??asdf/1.1.3/trackad.js,iconfont/nav/iconfont-1.0.1.js,notification/1.3.8/notify.js,notification/1.3.8/main.js (382)
[1218/152205.086:INFO:CONSOLE(1)] "Uncaught TagError: adsbygoogle.push() error: No slot size for availableWidth=0", source: https://g.csdnimg.cn/tingyun/1.8.3/blog.js (1)
[1218/152205.369:WARNING:angle_platform_impl.cc(48)] compileToBinary(257): 
C:\fakepath(107,1-13): warning X3557: loop only executes for 1 iteration(s), forcing loop to unroll
C:\fakepath(102,1-13): warning X3557: loop only executes for 1 iteration(s), forcing loop to unroll

[1218/152205.422:INFO:CONSOLE(1)] "baiduSearch : [object Arguments]", source: https://g.csdnimg.cn/baidu-search/1.0.7/baidu-search.js (1)
[1218/152205.810:INFO:CONSOLE(1)] "title update: ...<em>ä¸­)å¤„æœ‰</em>æœªç»å¤„ç†çš„å¼‚å¸¸: 0xC000001Dçš„è§£å†³åŠæ³•_u012..._CSDNåšå®¢ ...<em>ä¸­)å¤„æœ‰</em>æœªç»å¤„ç†çš„å¼‚å¸¸: 0xC000001Dçš„è§£å†³åŠæ³•_u012...", source: https://g.csdnimg.cn/baidu-search/1.0.7/baidu-search.js (1)
[1218/152205.810:INFO:CONSOLE(1)] "title update: <em>åˆå§‹åŒ–CEFä¸­CefInitializeå¤±è´¥,æç¤ºlibcef.dll(*</em>**<em>)å¤„</em>..._CSDNåšå®¢ <em>åˆå§‹åŒ–CEFä¸­CefInitializeå¤±è´¥,æç¤ºlibcef.dll(*</em>**<em>)å¤„</em>...", source: https://g.csdnimg.cn/baidu-search/1.0.7/baidu-search.js (1)
[1218/152205.810:INFO:CONSOLE(1)] "title update: é›†æˆ<em>CEF</em>çš„å‘å’Œè§£å†³åŠæ³•_liyang_nashçš„ä¸“æ -CSDNåšå®¢ é›†æˆ<em>CEF</em>çš„å‘å’Œè§£å†³åŠæ³•_liyang_nashçš„ä¸“æ ", source: https://g.csdnimg.cn/baidu-search/1.0.7/baidu-search.js (1)
[1218/152205.810:INFO:CONSOLE(1)] "title update: <em>CEF</em>ä¼šé‡åˆ°çš„é—®é¢˜_wanfengnianhuaçš„ä¸“æ -CSDNåšå®¢ <em>CEF</em>ä¼šé‡åˆ°çš„é—®é¢˜_wanfengnianhuaçš„ä¸“æ ", source: https://g.csdnimg.cn/baidu-search/1.0.7/baidu-search.js (1)
[1218/152205.810:INFO:CONSOLE(1)] "title update: <em>CefInitialize</em>å´©æºƒ &amp;&amp; <em>Cef</em>ç™½å±_CAir2çš„ä¸“æ -CSDNåšå®¢ <em>CefInitialize</em>å´©æºƒ &amp;&amp; <em>Cef</em>ç™½å±_CAir2çš„ä¸“æ ", source: https://g.csdnimg.cn/baidu-search/1.0.7/baidu-search.js (1)
[1218/152205.811:INFO:CONSOLE(1)] "title update: <em>Cef</em>çš„<em>åˆå§‹åŒ–,</em>ä½¿ç”¨,åŠé€€å‡º_è“¦ç„¶å›é¦–-CSDNåšå®¢ <em>Cef</em>çš„<em>åˆå§‹åŒ–,</em>ä½¿ç”¨,åŠé€€å‡º_è“¦ç„¶å›é¦–", source: https://g.csdnimg.cn/baidu-search/1.0.7/baidu-search.js (1)
[1218/152205.811:INFO:CONSOLE(1)] "title update: <em>Initializeåˆå§‹åŒ–å¤±è´¥</em>_u012983289çš„åšå®¢_ç®€å•å‰è¡Œ-CSDNåšå®¢ <em>Initializeåˆå§‹åŒ–å¤±è´¥</em>_u012983289çš„åšå®¢_ç®€å•å‰è¡Œ", source: https://g.csdnimg.cn/baidu-search/1.0.7/baidu-search.js (1)
[1218/152205.811:INFO:CONSOLE(1)] "title update: <em>cefinitialize</em> å´©æºƒ_hongge3262çš„åšå®¢-CSDNåšå®¢ <em>cefinitialize</em> å´©æºƒ_hongge3262çš„åšå®¢", source: https://g.csdnimg.cn/baidu-search/1.0.7/baidu-search.js (1)
[1218/152205.811:INFO:CONSOLE(1)] "title update: <em>CefInitialize</em> å¼•å‘å´©æºƒ_é™†å®‰çš„åšå®¢-CSDNåšå®¢_<em>cefinitialize</em>å´©æºƒ <em>CefInitialize</em> å¼•å‘å´©æºƒ_é™†å®‰çš„åšå®¢_<em>cefinitialize</em>å´©æºƒ", source: https://g.csdnimg.cn/baidu-search/1.0.7/baidu-search.js (1)
[1218/152205.811:INFO:CONSOLE(1)] "ä¸ŠæŠ¥æ•°æ®: [object Object],[object Object],[object Object],[object Object],[object Object],[object Object],[object Object],[object Object],[object Object],[object Object]", source: https://g.csdnimg.cn/baidu-search/1.0.7/baidu-search.js (1)
[1218/152205.815:INFO:CONSOLE(1)] "å±•ç°æ•°æ®: [object Object],[object Object],[object Object],[object Object],[object Object],[object Object],[object Object],[object Object]", source: https://g.csdnimg.cn/baidu-search/1.0.7/baidu-search.js (1)
[1218/152206.317:INFO:CONSOLE(1)] "chrome.loadTimes() is deprecated, instead use standardized API: Paint Timing. https://www.chromestatus.com/features/5637885046816768.", source: https://g.csdnimg.cn/tingyun/1.8.3/blog.js (1)
[1218/152302.190:ERROR:dxva_video_decode_accelerator_win.cc(1338)] DXVAVDA fatal error: Could not load msmpeg2vdec.dll: ÕÒ²»µ½Ö¸¶¨µÄÄ£¿é¡£ (0x7E)
[1218/152303.951:ERROR:system_network_context_manager.cc(580)] Cannot use V8 Proxy resolver in single process mode.
[1218/152303.953:ERROR:system_network_context_manager.cc(580)] Cannot use V8 Proxy resolver in single process mode.
[1218/152304.661:INFO:CONSOLE(201)] "A parser-blocking, cross site (i.e. different eTLD+1) script, https://ss1.bdstatic.com/5eN1bjq8AAUYm2zgoY3K/r/www/cache/static/protocol/https/bundles/polyfill_9354efa.js, is invoked via document.write. The network request for this script MAY be blocked by the browser in this or a future page load due to poor network connectivity. If blocked in this page load, it will be confirmed in a subsequent console message. See https://www.chromestatus.com/feature/5718547946799104 for more details.", source: https://www.baidu.com/ (201)
[1218/152304.661:INFO:CONSOLE(201)] "A parser-blocking, cross site (i.e. different eTLD+1) script, https://ss1.bdstatic.com/5eN1bjq8AAUYm2zgoY3K/r/www/cache/static/protocol/https/bundles/polyfill_9354efa.js, is invoked via document.write. The network request for this script MAY be blocked by the browser in this or a future page load due to poor network connectivity. If blocked in this page load, it will be confirmed in a subsequent console message. See https://www.chromestatus.com/feature/5718547946799104 for more details.", source: https://www.baidu.com/ (201)
[1218/152304.661:INFO:CONSOLE(201)] "A parser-blocking, cross site (i.e. different eTLD+1) script, https://ss1.bdstatic.com/5eN1bjq8AAUYm2zgoY3K/r/www/cache/static/protocol/https/global/js/all_async_search_dafef7e.js, is invoked via document.write. The network request for this script MAY be blocked by the browser in this or a future page load due to poor network connectivity. If blocked in this page load, it will be confirmed in a subsequent console message. See https://www.chromestatus.com/feature/5718547946799104 for more details.", source: https://www.baidu.com/ (201)
[1218/152304.868:INFO:CONSOLE(201)] "æ¯ä¸€ä¸ªæ˜Ÿçƒéƒ½æœ‰ä¸€ä¸ªé©±åŠ¨æ ¸å¿ƒï¼Œ
æ¯ä¸€ç§æ€æƒ³éƒ½æœ‰å½±å“åŠ›çš„ç§å­ã€‚
æ„Ÿå—ä¸–ç•Œçš„æ¸©åº¦ï¼Œ
å¹´è½»çš„ä½ ä¹Ÿèƒ½æˆä¸ºæ”¹å˜ä¸–ç•Œçš„åŠ¨åŠ›ï¼Œ
ç™¾åº¦çæƒœä½ æ‰€æœ‰çš„æ½œåŠ›ã€‚
ä½ çš„æ½œåŠ›ï¼Œæ˜¯æ”¹å˜ä¸–ç•Œçš„åŠ¨åŠ›ï¼

", source: https://ss1.bdstatic.com/5eN1bjq8AAUYm2zgoY3K/r/www/cache/static/protocol/https/global/js/all_async_search_dafef7e.js (201)
[1218/152304.868:INFO:CONSOLE(201)] "%cç™¾åº¦2021æ ¡å›­æ‹›è˜ç®€å†æŠ•é€’ï¼šhttps://talent.baidu.com/external/baidu/campus.html color:red", source: https://ss1.bdstatic.com/5eN1bjq8AAUYm2zgoY3K/r/www/cache/static/protocol/https/global/js/all_async_search_dafef7e.js (201)
[1218/152818.012:ERROR:dxva_video_decode_accelerator_win.cc(1338)] DXVAVDA fatal error: Could not load msmpeg2vdec.dll: ÕÒ²»µ½Ö¸¶¨µÄÄ£¿é¡£ (0x7E)
[1218/152846.677:ERROR:system_network_context_manager.cc(580)] Cannot use V8 Proxy resolver in single process mode.
[1218/152846.683:ERROR:system_network_context_manager.cc(580)] Cannot use V8 Proxy resolver in single process mode.
[1218/152848.208:INFO:CONSOLE(201)] "A parser-blocking, cross site (i.e. different eTLD+1) script, https://ss1.bdstatic.com/5eN1bjq8AAUYm2zgoY3K/r/www/cache/static/protocol/https/bundles/polyfill_9354efa.js, is invoked via document.write. The network request for this script MAY be blocked by the browser in this or a future page load due to poor network connectivity. If blocked in this page load, it will be confirmed in a subsequent console message. See https://www.chromestatus.com/feature/5718547946799104 for more details.", source: https://www.baidu.com/ (201)
[1218/152848.209:INFO:CONSOLE(201)] "A parser-blocking, cross site (i.e. different eTLD+1) script, https://ss1.bdstatic.com/5eN1bjq8AAUYm2zgoY3K/r/www/cache/static/protocol/https/bundles/polyfill_9354efa.js, is invoked via document.write. The network request for this script MAY be blocked by the browser in this or a future page load due to poor network connectivity. If blocked in this page load, it will be confirmed in a subsequent console message. See https://www.chromestatus.com/feature/5718547946799104 for more details.", source: https://www.baidu.com/ (201)
[1218/152848.210:INFO:CONSOLE(201)] "A parser-blocking, cross site (i.e. different eTLD+1) script, https://ss1.bdstatic.com/5eN1bjq8AAUYm2zgoY3K/r/www/cache/static/protocol/https/global/js/all_async_search_dafef7e.js, is invoked via document.write. The network request for this script MAY be blocked by the browser in this or a future page load due to poor network connectivity. If blocked in this page load, it will be confirmed in a subsequent console message. See https://www.chromestatus.com/feature/5718547946799104 for more details.", source: https://www.baidu.com/ (201)
[1218/152848.425:INFO:CONSOLE(201)] "æ¯ä¸€ä¸ªæ˜Ÿçƒéƒ½æœ‰ä¸€ä¸ªé©±åŠ¨æ ¸å¿ƒï¼Œ
æ¯ä¸€ç§æ€æƒ³éƒ½æœ‰å½±å“åŠ›çš„ç§å­ã€‚
æ„Ÿå—ä¸–ç•Œçš„æ¸©åº¦ï¼Œ
å¹´è½»çš„ä½ ä¹Ÿèƒ½æˆä¸ºæ”¹å˜ä¸–ç•Œçš„åŠ¨åŠ›ï¼Œ
ç™¾åº¦çæƒœä½ æ‰€æœ‰çš„æ½œåŠ›ã€‚
ä½ çš„æ½œåŠ›ï¼Œæ˜¯æ”¹å˜ä¸–ç•Œçš„åŠ¨åŠ›ï¼

", source: https://ss1.bdstatic.com/5eN1bjq8AAUYm2zgoY3K/r/www/cache/static/protocol/https/global/js/all_async_search_dafef7e.js (201)
[1218/152848.426:INFO:CONSOLE(201)] "%cç™¾åº¦2021æ ¡å›­æ‹›è˜ç®€å†æŠ•é€’ï¼šhttps://talent.baidu.com/external/baidu/campus.html color:red", source: https://ss1.bdstatic.com/5eN1bjq8AAUYm2zgoY3K/r/www/cache/static/protocol/https/global/js/all_async_search_dafef7e.js (201)
[1218/152901.874:INFO:CONSOLE(201)] "A parser-blocking, cross site (i.e. different eTLD+1) script, https://ss1.bdstatic.com/5eN1bjq8AAUYm2zgoY3K/r/www/cache/static/protocol/https/bundles/polyfill_9354efa.js, is invoked via document.write. The network request for this script MAY be blocked by the browser in this or a future page load due to poor network connectivity. If blocked in this page load, it will be confirmed in a subsequent console message. See https://www.chromestatus.com/feature/5718547946799104 for more details.", source: https://www.baidu.com/ (201)
[1218/152901.876:INFO:CONSOLE(201)] "A parser-blocking, cross site (i.e. different eTLD+1) script, https://ss1.bdstatic.com/5eN1bjq8AAUYm2zgoY3K/r/www/cache/static/protocol/https/bundles/polyfill_9354efa.js, is invoked via document.write. The network request for this script MAY be blocked by the browser in this or a future page load due to poor network connectivity. If blocked in this page load, it will be confirmed in a subsequent console message. See https://www.chromestatus.com/feature/5718547946799104 for more details.", source: https://www.baidu.com/ (201)
[1218/152901.877:INFO:CONSOLE(201)] "A parser-blocking, cross site (i.e. different eTLD+1) script, https://ss1.bdstatic.com/5eN1bjq8AAUYm2zgoY3K/r/www/cache/static/protocol/https/global/js/all_async_search_dafef7e.js, is invoked via document.write. The network request for this script MAY be blocked by the browser in this or a future page load due to poor network connectivity. If blocked in this page load, it will be confirmed in a subsequent console message. See https://www.chromestatus.com/feature/5718547946799104 for more details.", source: https://www.baidu.com/ (201)
[1218/152901.913:INFO:CONSOLE(201)] "æ¯ä¸€ä¸ªæ˜Ÿçƒéƒ½æœ‰ä¸€ä¸ªé©±åŠ¨æ ¸å¿ƒï¼Œ
æ¯ä¸€ç§æ€æƒ³éƒ½æœ‰å½±å“åŠ›çš„ç§å­ã€‚
æ„Ÿå—ä¸–ç•Œçš„æ¸©åº¦ï¼Œ
å¹´è½»çš„ä½ ä¹Ÿèƒ½æˆä¸ºæ”¹å˜ä¸–ç•Œçš„åŠ¨åŠ›ï¼Œ
ç™¾åº¦çæƒœä½ æ‰€æœ‰çš„æ½œåŠ›ã€‚
ä½ çš„æ½œåŠ›ï¼Œæ˜¯æ”¹å˜ä¸–ç•Œçš„åŠ¨åŠ›ï¼

", source: https://ss1.bdstatic.com/5eN1bjq8AAUYm2zgoY3K/r/www/cache/static/protocol/https/global/js/all_async_search_dafef7e.js (201)
[1218/152901.914:INFO:CONSOLE(201)] "%cç™¾åº¦2021æ ¡å›­æ‹›è˜ç®€å†æŠ•é€’ï¼šhttps://talent.baidu.com/external/baidu/campus.html color:red", source: https://ss1.bdstatic.com/5eN1bjq8AAUYm2zgoY3K/r/www/cache/static/protocol/https/global/js/all_async_search_dafef7e.js (201)
[1218/152948.161:ERROR:dxva_video_decode_accelerator_win.cc(1338)] DXVAVDA fatal error: Could not load msmpeg2vdec.dll: ÕÒ²»µ½Ö¸¶¨µÄÄ£¿é¡£ (0x7E)
[1218/153005.890:ERROR:dxva_video_decode_accelerator_win.cc(1338)] DXVAVDA fatal error: Could not load msmpeg2vdec.dll: ÕÒ²»µ½Ö¸¶¨µÄÄ£¿é¡£ (0x7E)
[1218/153012.017:ERROR:dxva_video_decode_accelerator_win.cc(1338)] DXVAVDA fatal error: Could not load msmpeg2vdec.dll: ÕÒ²»µ½Ö¸¶¨µÄÄ£¿é¡£ (0x7E)
[1218/153018.413:ERROR:dxva_video_decode_accelerator_win.cc(1338)] DXVAVDA fatal error: Could not load msmpeg2vdec.dll: ÕÒ²»µ½Ö¸¶¨µÄÄ£¿é¡£ (0x7E)
[1218/153019.855:ERROR:system_network_context_manager.cc(580)] Cannot use V8 Proxy resolver in single process mode.
[1218/153019.859:ERROR:system_network_context_manager.cc(580)] Cannot use V8 Proxy resolver in single process mode.
[1218/153020.887:INFO:CONSOLE(201)] "A parser-blocking, cross site (i.e. different eTLD+1) script, https://ss1.bdstatic.com/5eN1bjq8AAUYm2zgoY3K/r/www/cache/static/protocol/https/bundles/polyfill_9354efa.js, is invoked via document.write. The network request for this script MAY be blocked by the browser in this or a future page load due to poor network connectivity. If blocked in this page load, it will be confirmed in a subsequent console message. See https://www.chromestatus.com/feature/5718547946799104 for more details.", source: https://www.baidu.com/ (201)
[1218/153020.893:INFO:CONSOLE(201)] "A parser-blocking, cross site (i.e. different eTLD+1) script, https://ss1.bdstatic.com/5eN1bjq8AAUYm2zgoY3K/r/www/cache/static/protocol/https/bundles/polyfill_9354efa.js, is invoked via document.write. The network request for this script MAY be blocked by the browser in this or a future page load due to poor network connectivity. If blocked in this page load, it will be confirmed in a subsequent console message. See https://www.chromestatus.com/feature/5718547946799104 for more details.", source: https://www.baidu.com/ (201)
[1218/153020.895:INFO:CONSOLE(201)] "A parser-blocking, cross site (i.e. different eTLD+1) script, https://ss1.bdstatic.com/5eN1bjq8AAUYm2zgoY3K/r/www/cache/static/protocol/https/global/js/all_async_search_dafef7e.js, is invoked via document.write. The network request for this script MAY be blocked by the browser in this or a future page load due to poor network connectivity. If blocked in this page load, it will be confirmed in a subsequent console message. See https://www.chromestatus.com/feature/5718547946799104 for more details.", source: https://www.baidu.com/ (201)
[1218/153021.121:INFO:CONSOLE(201)] "æ¯ä¸€ä¸ªæ˜Ÿçƒéƒ½æœ‰ä¸€ä¸ªé©±åŠ¨æ ¸å¿ƒï¼Œ
æ¯ä¸€ç§æ€æƒ³éƒ½æœ‰å½±å“åŠ›çš„ç§å­ã€‚
æ„Ÿå—ä¸–ç•Œçš„æ¸©åº¦ï¼Œ
å¹´è½»çš„ä½ ä¹Ÿèƒ½æˆä¸ºæ”¹å˜ä¸–ç•Œçš„åŠ¨åŠ›ï¼Œ
ç™¾åº¦çæƒœä½ æ‰€æœ‰çš„æ½œåŠ›ã€‚
ä½ çš„æ½œåŠ›ï¼Œæ˜¯æ”¹å˜ä¸–ç•Œçš„åŠ¨åŠ›ï¼

", source: https://ss1.bdstatic.com/5eN1bjq8AAUYm2zgoY3K/r/www/cache/static/protocol/https/global/js/all_async_search_dafef7e.js (201)
[1218/153021.121:INFO:CONSOLE(201)] "%cç™¾åº¦2021æ ¡å›­æ‹›è˜ç®€å†æŠ•é€’ï¼šhttps://talent.baidu.com/external/baidu/campus.html color:red", source: https://ss1.bdstatic.com/5eN1bjq8AAUYm2zgoY3K/r/www/cache/static/protocol/https/global/js/all_async_search_dafef7e.js (201)
[1218/154207.043:ERROR:dxva_video_decode_accelerator_win.cc(1338)] DXVAVDA fatal error: Could not load msmpeg2vdec.dll: ÕÒ²»µ½Ö¸¶¨µÄÄ£¿é¡£ (0x7E)
[1218/154224.689:ERROR:dxva_video_decode_accelerator_win.cc(1338)] DXVAVDA fatal error: Could not load msmpeg2vdec.dll: ÕÒ²»µ½Ö¸¶¨µÄÄ£¿é¡£ (0x7E)
[1218/154230.434:ERROR:dxva_video_decode_accelerator_win.cc(1338)] DXVAVDA fatal error: Could not load msmpeg2vdec.dll: ÕÒ²»µ½Ö¸¶¨µÄÄ£¿é¡£ (0x7E)
[1218/154231.964:ERROR:system_network_context_manager.cc(580)] Cannot use V8 Proxy resolver in single process mode.
[1218/154231.975:ERROR:system_network_context_manager.cc(580)] Cannot use V8 Proxy resolver in single process mode.
[1218/154233.217:INFO:CONSOLE(201)] "A parser-blocking, cross site (i.e. different eTLD+1) script, https://ss1.bdstatic.com/5eN1bjq8AAUYm2zgoY3K/r/www/cache/static/protocol/https/bundles/polyfill_9354efa.js, is invoked via document.write. The network request for this script MAY be blocked by the browser in this or a future page load due to poor network connectivity. If blocked in this page load, it will be confirmed in a subsequent console message. See https://www.chromestatus.com/feature/5718547946799104 for more details.", source: https://www.baidu.com/ (201)
[1218/154233.218:INFO:CONSOLE(201)] "A parser-blocking, cross site (i.e. different eTLD+1) script, https://ss1.bdstatic.com/5eN1bjq8AAUYm2zgoY3K/r/www/cache/static/protocol/https/bundles/polyfill_9354efa.js, is invoked via document.write. The network request for this script MAY be blocked by the browser in this or a future page load due to poor network connectivity. If blocked in this page load, it will be confirmed in a subsequent console message. See https://www.chromestatus.com/feature/5718547946799104 for more details.", source: https://www.baidu.com/ (201)
[1218/154233.219:INFO:CONSOLE(201)] "A parser-blocking, cross site (i.e. different eTLD+1) script, https://ss1.bdstatic.com/5eN1bjq8AAUYm2zgoY3K/r/www/cache/static/protocol/https/global/js/all_async_search_dafef7e.js, is invoked via document.write. The network request for this script MAY be blocked by the browser in this or a future page load due to poor network connectivity. If blocked in this page load, it will be confirmed in a subsequent console message. See https://www.chromestatus.com/feature/5718547946799104 for more details.", source: https://www.baidu.com/ (201)
[1218/154233.402:INFO:CONSOLE(201)] "æ¯ä¸€ä¸ªæ˜Ÿçƒéƒ½æœ‰ä¸€ä¸ªé©±åŠ¨æ ¸å¿ƒï¼Œ
æ¯ä¸€ç§æ€æƒ³éƒ½æœ‰å½±å“åŠ›çš„ç§å­ã€‚
æ„Ÿå—ä¸–ç•Œçš„æ¸©åº¦ï¼Œ
å¹´è½»çš„ä½ ä¹Ÿèƒ½æˆä¸ºæ”¹å˜ä¸–ç•Œçš„åŠ¨åŠ›ï¼Œ
ç™¾åº¦çæƒœä½ æ‰€æœ‰çš„æ½œåŠ›ã€‚
ä½ çš„æ½œåŠ›ï¼Œæ˜¯æ”¹å˜ä¸–ç•Œçš„åŠ¨åŠ›ï¼

", source: https://ss1.bdstatic.com/5eN1bjq8AAUYm2zgoY3K/r/www/cache/static/protocol/https/global/js/all_async_search_dafef7e.js (201)
[1218/154233.402:INFO:CONSOLE(201)] "%cç™¾åº¦2021æ ¡å›­æ‹›è˜ç®€å†æŠ•é€’ï¼šhttps://talent.baidu.com/external/baidu/campus.html color:red", source: https://ss1.bdstatic.com/5eN1bjq8AAUYm2zgoY3K/r/www/cache/static/protocol/https/global/js/all_async_search_dafef7e.js (201)
[1218/154237.499:INFO:CONSOLE(201)] "A parser-blocking, cross site (i.e. different eTLD+1) script, https://ss1.bdstatic.com/5eN1bjq8AAUYm2zgoY3K/r/www/cache/static/protocol/https/bundles/polyfill_9354efa.js, is invoked via document.write. The network request for this script MAY be blocked by the browser in this or a future page load due to poor network connectivity. If blocked in this page load, it will be confirmed in a subsequent console message. See https://www.chromestatus.com/feature/5718547946799104 for more details.", source: https://www.baidu.com/ (201)
[1218/154237.500:INFO:CONSOLE(201)] "A parser-blocking, cross site (i.e. different eTLD+1) script, https://ss1.bdstatic.com/5eN1bjq8AAUYm2zgoY3K/r/www/cache/static/protocol/https/bundles/polyfill_9354efa.js, is invoked via document.write. The network request for this script MAY be blocked by the browser in this or a future page load due to poor network connectivity. If blocked in this page load, it will be confirmed in a subsequent console message. See https://www.chromestatus.com/feature/5718547946799104 for more details.", source: https://www.baidu.com/ (201)
[1218/154237.501:INFO:CONSOLE(201)] "A parser-blocking, cross site (i.e. different eTLD+1) script, https://ss1.bdstatic.com/5eN1bjq8AAUYm2zgoY3K/r/www/cache/static/protocol/https/global/js/all_async_search_dafef7e.js, is invoked via document.write. The network request for this script MAY be blocked by the browser in this or a future page load due to poor network connectivity. If blocked in this page load, it will be confirmed in a subsequent console message. See https://www.chromestatus.com/feature/5718547946799104 for more details.", source: https://www.baidu.com/ (201)
[1218/154237.520:INFO:CONSOLE(201)] "æ¯ä¸€ä¸ªæ˜Ÿçƒéƒ½æœ‰ä¸€ä¸ªé©±åŠ¨æ ¸å¿ƒï¼Œ
æ¯ä¸€ç§æ€æƒ³éƒ½æœ‰å½±å“åŠ›çš„ç§å­ã€‚
æ„Ÿå—ä¸–ç•Œçš„æ¸©åº¦ï¼Œ
å¹´è½»çš„ä½ ä¹Ÿèƒ½æˆä¸ºæ”¹å˜ä¸–ç•Œçš„åŠ¨åŠ›ï¼Œ
ç™¾åº¦çæƒœä½ æ‰€æœ‰çš„æ½œåŠ›ã€‚
ä½ çš„æ½œåŠ›ï¼Œæ˜¯æ”¹å˜ä¸–ç•Œçš„åŠ¨åŠ›ï¼

", source: https://ss1.bdstatic.com/5eN1bjq8AAUYm2zgoY3K/r/www/cache/static/protocol/https/global/js/all_async_search_dafef7e.js (201)
[1218/154237.520:INFO:CONSOLE(201)] "%cç™¾åº¦2021æ ¡å›­æ‹›è˜ç®€å†æŠ•é€’ï¼šhttps://talent.baidu.com/external/baidu/campus.html color:red", source: https://ss1.bdstatic.com/5eN1bjq8AAUYm2zgoY3K/r/www/cache/static/protocol/https/global/js/all_async_search_dafef7e.js (201)
[1218/155218.807:ERROR:dxva_video_decode_accelerator_win.cc(1338)] DXVAVDA fatal error: Could not load msmpeg2vdec.dll: ÕÒ²»µ½Ö¸¶¨µÄÄ£¿é¡£ (0x7E)
[1218/155228.294:ERROR:system_network_context_manager.cc(580)] Cannot use V8 Proxy resolver in single process mode.
[1218/155228.301:ERROR:system_network_context_manager.cc(580)] Cannot use V8 Proxy resolver in single process mode.
[1218/155403.687:INFO:CONSOLE(201)] "A parser-blocking, cross site (i.e. different eTLD+1) script, https://ss1.bdstatic.com/5eN1bjq8AAUYm2zgoY3K/r/www/cache/static/protocol/https/bundles/polyfill_9354efa.js, is invoked via document.write. The network request for this script MAY be blocked by the browser in this or a future page load due to poor network connectivity. If blocked in this page load, it will be confirmed in a subsequent console message. See https://www.chromestatus.com/feature/5718547946799104 for more details.", source: https://www.baidu.com/ (201)
[1218/155403.688:INFO:CONSOLE(201)] "A parser-blocking, cross site (i.e. different eTLD+1) script, https://ss1.bdstatic.com/5eN1bjq8AAUYm2zgoY3K/r/www/cache/static/protocol/https/bundles/polyfill_9354efa.js, is invoked via document.write. The network request for this script MAY be blocked by the browser in this or a future page load due to poor network connectivity. If blocked in this page load, it will be confirmed in a subsequent console message. See https://www.chromestatus.com/feature/5718547946799104 for more details.", source: https://www.baidu.com/ (201)
[1218/155403.689:INFO:CONSOLE(201)] "A parser-blocking, cross site (i.e. different eTLD+1) script, https://ss1.bdstatic.com/5eN1bjq8AAUYm2zgoY3K/r/www/cache/static/protocol/https/global/js/all_async_search_dafef7e.js, is invoked via document.write. The network request for this script MAY be blocked by the browser in this or a future page load due to poor network connectivity. If blocked in this page load, it will be confirmed in a subsequent console message. See https://www.chromestatus.com/feature/5718547946799104 for more details.", source: https://www.baidu.com/ (201)
[1218/155403.958:INFO:CONSOLE(201)] "æ¯ä¸€ä¸ªæ˜Ÿçƒéƒ½æœ‰ä¸€ä¸ªé©±åŠ¨æ ¸å¿ƒï¼Œ
æ¯ä¸€ç§æ€æƒ³éƒ½æœ‰å½±å“åŠ›çš„ç§å­ã€‚
æ„Ÿå—ä¸–ç•Œçš„æ¸©åº¦ï¼Œ
å¹´è½»çš„ä½ ä¹Ÿèƒ½æˆä¸ºæ”¹å˜ä¸–ç•Œçš„åŠ¨åŠ›ï¼Œ
ç™¾åº¦çæƒœä½ æ‰€æœ‰çš„æ½œåŠ›ã€‚
ä½ çš„æ½œåŠ›ï¼Œæ˜¯æ”¹å˜ä¸–ç•Œçš„åŠ¨åŠ›ï¼

", source: https://ss1.bdstatic.com/5eN1bjq8AAUYm2zgoY3K/r/www/cache/static/protocol/https/global/js/all_async_search_dafef7e.js (201)
[1218/155403.958:INFO:CONSOLE(201)] "%cç™¾åº¦2021æ ¡å›­æ‹›è˜ç®€å†æŠ•é€’ï¼šhttps://talent.baidu.com/external/baidu/campus.html color:red", source: https://ss1.bdstatic.com/5eN1bjq8AAUYm2zgoY3K/r/www/cache/static/protocol/https/global/js/all_async_search_dafef7e.js (201)
[1218/155601.937:INFO:CONSOLE(201)] "A parser-blocking, cross site (i.e. different eTLD+1) script, https://ss1.bdstatic.com/5eN1bjq8AAUYm2zgoY3K/r/www/cache/static/protocol/https/bundles/polyfill_9354efa.js, is invoked via document.write. The network request for this script MAY be blocked by the browser in this or a future page load due to poor network connectivity. If blocked in this page load, it will be confirmed in a subsequent console message. See https://www.chromestatus.com/feature/5718547946799104 for more details.", source: https://www.baidu.com/ (201)
[1218/155601.938:INFO:CONSOLE(201)] "A parser-blocking, cross site (i.e. different eTLD+1) script, https://ss1.bdstatic.com/5eN1bjq8AAUYm2zgoY3K/r/www/cache/static/protocol/https/bundles/polyfill_9354efa.js, is invoked via document.write. The network request for this script MAY be blocked by the browser in this or a future page load due to poor network connectivity. If blocked in this page load, it will be confirmed in a subsequent console message. See https://www.chromestatus.com/feature/5718547946799104 for more details.", source: https://www.baidu.com/ (201)
[1218/155601.939:INFO:CONSOLE(201)] "A parser-blocking, cross site (i.e. different eTLD+1) script, https://ss1.bdstatic.com/5eN1bjq8AAUYm2zgoY3K/r/www/cache/static/protocol/https/global/js/all_async_search_dafef7e.js, is invoked via document.write. The network request for this script MAY be blocked by the browser in this or a future page load due to poor network connectivity. If blocked in this page load, it will be confirmed in a subsequent console message. See https://www.chromestatus.com/feature/5718547946799104 for more details.", source: https://www.baidu.com/ (201)
[1218/155601.993:INFO:CONSOLE(201)] "æ¯ä¸€ä¸ªæ˜Ÿçƒéƒ½æœ‰ä¸€ä¸ªé©±åŠ¨æ ¸å¿ƒï¼Œ
æ¯ä¸€ç§æ€æƒ³éƒ½æœ‰å½±å“åŠ›çš„ç§å­ã€‚
æ„Ÿå—ä¸–ç•Œçš„æ¸©åº¦ï¼Œ
å¹´è½»çš„ä½ ä¹Ÿèƒ½æˆä¸ºæ”¹å˜ä¸–ç•Œçš„åŠ¨åŠ›ï¼Œ
ç™¾åº¦çæƒœä½ æ‰€æœ‰çš„æ½œåŠ›ã€‚
ä½ çš„æ½œåŠ›ï¼Œæ˜¯æ”¹å˜ä¸–ç•Œçš„åŠ¨åŠ›ï¼

", source: https://ss1.bdstatic.com/5eN1bjq8AAUYm2zgoY3K/r/www/cache/static/protocol/https/global/js/all_async_search_dafef7e.js (201)
[1218/155601.993:INFO:CONSOLE(201)] "%cç™¾åº¦2021æ ¡å›­æ‹›è˜ç®€å†æŠ•é€’ï¼šhttps://talent.baidu.com/external/baidu/campus.html color:red", source: https://ss1.bdstatic.com/5eN1bjq8AAUYm2zgoY3K/r/www/cache/static/protocol/https/global/js/all_async_search_dafef7e.js (201)
[1218/155949.449:ERROR:dxva_video_decode_accelerator_win.cc(1338)] DXVAVDA fatal error: Could not load msmpeg2vdec.dll: ÕÒ²»µ½Ö¸¶¨µÄÄ£¿é¡£ (0x7E)
[1218/160002.295:ERROR:dxva_video_decode_accelerator_win.cc(1338)] DXVAVDA fatal error: Could not load msmpeg2vdec.dll: ÕÒ²»µ½Ö¸¶¨µÄÄ£¿é¡£ (0x7E)
[1218/160008.887:ERROR:system_network_context_manager.cc(580)] Cannot use V8 Proxy resolver in single process mode.
[1218/160008.892:ERROR:system_network_context_manager.cc(580)] Cannot use V8 Proxy resolver in single process mode.
[1218/160054.336:INFO:CONSOLE(201)] "A parser-blocking, cross site (i.e. different eTLD+1) script, https://ss1.bdstatic.com/5eN1bjq8AAUYm2zgoY3K/r/www/cache/static/protocol/https/bundles/polyfill_9354efa.js, is invoked via document.write. The network request for this script MAY be blocked by the browser in this or a future page load due to poor network connectivity. If blocked in this page load, it will be confirmed in a subsequent console message. See https://www.chromestatus.com/feature/5718547946799104 for more details.", source: https://www.baidu.com/ (201)
[1218/160054.338:INFO:CONSOLE(201)] "A parser-blocking, cross site (i.e. different eTLD+1) script, https://ss1.bdstatic.com/5eN1bjq8AAUYm2zgoY3K/r/www/cache/static/protocol/https/bundles/polyfill_9354efa.js, is invoked via document.write. The network request for this script MAY be blocked by the browser in this or a future page load due to poor network connectivity. If blocked in this page load, it will be confirmed in a subsequent console message. See https://www.chromestatus.com/feature/5718547946799104 for more details.", source: https://www.baidu.com/ (201)
[1218/160054.339:INFO:CONSOLE(201)] "A parser-blocking, cross site (i.e. different eTLD+1) script, https://ss1.bdstatic.com/5eN1bjq8AAUYm2zgoY3K/r/www/cache/static/protocol/https/global/js/all_async_search_dafef7e.js, is invoked via document.write. The network request for this script MAY be blocked by the browser in this or a future page load due to poor network connectivity. If blocked in this page load, it will be confirmed in a subsequent console message. See https://www.chromestatus.com/feature/5718547946799104 for more details.", source: https://www.baidu.com/ (201)
[1218/160054.557:INFO:CONSOLE(201)] "æ¯ä¸€ä¸ªæ˜Ÿçƒéƒ½æœ‰ä¸€ä¸ªé©±åŠ¨æ ¸å¿ƒï¼Œ
æ¯ä¸€ç§æ€æƒ³éƒ½æœ‰å½±å“åŠ›çš„ç§å­ã€‚
æ„Ÿå—ä¸–ç•Œçš„æ¸©åº¦ï¼Œ
å¹´è½»çš„ä½ ä¹Ÿèƒ½æˆä¸ºæ”¹å˜ä¸–ç•Œçš„åŠ¨åŠ›ï¼Œ
ç™¾åº¦çæƒœä½ æ‰€æœ‰çš„æ½œåŠ›ã€‚
ä½ çš„æ½œåŠ›ï¼Œæ˜¯æ”¹å˜ä¸–ç•Œçš„åŠ¨åŠ›ï¼

", source: https://ss1.bdstatic.com/5eN1bjq8AAUYm2zgoY3K/r/www/cache/static/protocol/https/global/js/all_async_search_dafef7e.js (201)
[1218/160054.558:INFO:CONSOLE(201)] "%cç™¾åº¦2021æ ¡å›­æ‹›è˜ç®€å†æŠ•é€’ï¼šhttps://talent.baidu.com/external/baidu/campus.html color:red", source: https://ss1.bdstatic.com/5eN1bjq8AAUYm2zgoY3K/r/www/cache/static/protocol/https/global/js/all_async_search_dafef7e.js (201)
[1218/160121.404:INFO:CONSOLE(4592)] "A parser-blocking, cross site (i.e. different eTLD+1) script, https://dss1.bdstatic.com/5eN1bjq8AAUYm2zgoY3K/r/www/cache/static/protocol/https/bundles/polyfill_9354efa.js, is invoked via document.write. The network request for this script MAY be blocked by the browser in this or a future page load due to poor network connectivity. If blocked in this page load, it will be confirmed in a subsequent console message. See https://www.chromestatus.com/feature/5718547946799104 for more details.", source: https://www.baidu.com/s?cl=3&tn=baidutop10&fr=top1000&wd=%E6%A0%A1%E9%95%BF%E9%80%BC%E5%A5%B3%E7%94%9F%E5%86%99%E4%B8%8D%E9%9B%85%E6%A3%80%E6%9F%A5%E8%AF%A6%E6%83%85%E6%8A%AB%E9%9C%B2&rsv_idx=2&rsv_dl=fyb_n_homepage&hisfilter=1 (4592)
[1218/160121.408:INFO:CONSOLE(4592)] "A parser-blocking, cross site (i.e. different eTLD+1) script, https://dss1.bdstatic.com/5eN1bjq8AAUYm2zgoY3K/r/www/cache/static/protocol/https/bundles/polyfill_9354efa.js, is invoked via document.write. The network request for this script MAY be blocked by the browser in this or a future page load due to poor network connectivity. If blocked in this page load, it will be confirmed in a subsequent console message. See https://www.chromestatus.com/feature/5718547946799104 for more details.", source: https://www.baidu.com/s?cl=3&tn=baidutop10&fr=top1000&wd=%E6%A0%A1%E9%95%BF%E9%80%BC%E5%A5%B3%E7%94%9F%E5%86%99%E4%B8%8D%E9%9B%85%E6%A3%80%E6%9F%A5%E8%AF%A6%E6%83%85%E6%8A%AB%E9%9C%B2&rsv_idx=2&rsv_dl=fyb_n_homepage&hisfilter=1 (4592)
[1218/160121.410:INFO:CONSOLE(4592)] "A parser-blocking, cross site (i.e. different eTLD+1) script, https://dss1.bdstatic.com/5eN1bjq8AAUYm2zgoY3K/r/www/cache/static/protocol/https/global/js/all_async_search_dafef7e.js, is invoked via document.write. The network request for this script MAY be blocked by the browser in this or a future page load due to poor network connectivity. If blocked in this page load, it will be confirmed in a subsequent console message. See https://www.chromestatus.com/feature/5718547946799104 for more details.", source: https://www.baidu.com/s?cl=3&tn=baidutop10&fr=top1000&wd=%E6%A0%A1%E9%95%BF%E9%80%BC%E5%A5%B3%E7%94%9F%E5%86%99%E4%B8%8D%E9%9B%85%E6%A3%80%E6%9F%A5%E8%AF%A6%E6%83%85%E6%8A%AB%E9%9C%B2&rsv_idx=2&rsv_dl=fyb_n_homepage&hisfilter=1 (4592)
[1218/160121.584:INFO:CONSOLE(201)] "æ¯ä¸€ä¸ªæ˜Ÿçƒéƒ½æœ‰ä¸€ä¸ªé©±åŠ¨æ ¸å¿ƒï¼Œ
æ¯ä¸€ç§æ€æƒ³éƒ½æœ‰å½±å“åŠ›çš„ç§å­ã€‚
æ„Ÿå—ä¸–ç•Œçš„æ¸©åº¦ï¼Œ
å¹´è½»çš„ä½ ä¹Ÿèƒ½æˆä¸ºæ”¹å˜ä¸–ç•Œçš„åŠ¨åŠ›ï¼Œ
ç™¾åº¦çæƒœä½ æ‰€æœ‰çš„æ½œåŠ›ã€‚
ä½ çš„æ½œåŠ›ï¼Œæ˜¯æ”¹å˜ä¸–ç•Œçš„åŠ¨åŠ›ï¼

", source: https://dss1.bdstatic.com/5eN1bjq8AAUYm2zgoY3K/r/www/cache/static/protocol/https/global/js/all_async_search_dafef7e.js (201)
[1218/160121.584:INFO:CONSOLE(201)] "%cç™¾åº¦2021æ ¡å›­æ‹›è˜ç®€å†æŠ•é€’ï¼šhttps://talent.baidu.com/external/baidu/campus.html color:red", source: https://dss1.bdstatic.com/5eN1bjq8AAUYm2zgoY3K/r/www/cache/static/protocol/https/global/js/all_async_search_dafef7e.js (201)
[1218/160132.718:INFO:CONSOLE(4634)] "A parser-blocking, cross site (i.e. different eTLD+1) script, https://dss1.bdstatic.com/5eN1bjq8AAUYm2zgoY3K/r/www/cache/static/protocol/https/bundles/polyfill_9354efa.js, is invoked via document.write. The network request for this script MAY be blocked by the browser in this or a future page load due to poor network connectivity. If blocked in this page load, it will be confirmed in a subsequent console message. See https://www.chromestatus.com/feature/5718547946799104 for more details.", source: https://www.baidu.com/s?tn=baidutop10&wd=%E5%B0%8F%E4%BC%99%E8%87%AA%E5%88%B6%E6%9C%A8%E5%B7%A5%E7%89%88%E5%AB%A6%E5%A8%A5%E4%BA%94%E5%8F%B7&rsv_idx=2&usm=1&ie=utf-8&rsv_cq=%E6%A0%A1%E9%95%BF%E9%80%BC%E5%A5%B3%E7%94%9F%E5%86%99%E4%B8%8D%E9%9B%85%E6%A3%80%E6%9F%A5%E8%AF%A6%E6%83%85%E6%8A%AB%E9%9C%B2&rsv_dl=0_right_fyb_pchot_20811_01&rsf=b8ada06915974c4629f0a8b33caa1142_1_15_2&rqid=bd086f5c000019d7 (4634)
[1218/160132.719:INFO:CONSOLE(4634)] "A parser-blocking, cross site (i.e. different eTLD+1) script, https://dss1.bdstatic.com/5eN1bjq8AAUYm2zgoY3K/r/www/cache/static/protocol/https/bundles/polyfill_9354efa.js, is invoked via document.write. The network request for this script MAY be blocked by the browser in this or a future page load due to poor network connectivity. If blocked in this page load, it will be confirmed in a subsequent console message. See https://www.chromestatus.com/feature/5718547946799104 for more details.", source: https://www.baidu.com/s?tn=baidutop10&wd=%E5%B0%8F%E4%BC%99%E8%87%AA%E5%88%B6%E6%9C%A8%E5%B7%A5%E7%89%88%E5%AB%A6%E5%A8%A5%E4%BA%94%E5%8F%B7&rsv_idx=2&usm=1&ie=utf-8&rsv_cq=%E6%A0%A1%E9%95%BF%E9%80%BC%E5%A5%B3%E7%94%9F%E5%86%99%E4%B8%8D%E9%9B%85%E6%A3%80%E6%9F%A5%E8%AF%A6%E6%83%85%E6%8A%AB%E9%9C%B2&rsv_dl=0_right_fyb_pchot_20811_01&rsf=b8ada06915974c4629f0a8b33caa1142_1_15_2&rqid=bd086f5c000019d7 (4634)
[1218/160132.720:INFO:CONSOLE(4634)] "A parser-blocking, cross site (i.e. different eTLD+1) script, https://dss1.bdstatic.com/5eN1bjq8AAUYm2zgoY3K/r/www/cache/static/protocol/https/global/js/all_async_search_dafef7e.js, is invoked via document.write. The network request for this script MAY be blocked by the browser in this or a future page load due to poor network connectivity. If blocked in this page load, it will be confirmed in a subsequent console message. See https://www.chromestatus.com/feature/5718547946799104 for more details.", source: https://www.baidu.com/s?tn=baidutop10&wd=%E5%B0%8F%E4%BC%99%E8%87%AA%E5%88%B6%E6%9C%A8%E5%B7%A5%E7%89%88%E5%AB%A6%E5%A8%A5%E4%BA%94%E5%8F%B7&rsv_idx=2&usm=1&ie=utf-8&rsv_cq=%E6%A0%A1%E9%95%BF%E9%80%BC%E5%A5%B3%E7%94%9F%E5%86%99%E4%B8%8D%E9%9B%85%E6%A3%80%E6%9F%A5%E8%AF%A6%E6%83%85%E6%8A%AB%E9%9C%B2&rsv_dl=0_right_fyb_pchot_20811_01&rsf=b8ada06915974c4629f0a8b33caa1142_1_15_2&rqid=bd086f5c000019d7 (4634)
[1218/160132.813:INFO:CONSOLE(201)] "æ¯ä¸€ä¸ªæ˜Ÿçƒéƒ½æœ‰ä¸€ä¸ªé©±åŠ¨æ ¸å¿ƒï¼Œ
æ¯ä¸€ç§æ€æƒ³éƒ½æœ‰å½±å“åŠ›çš„ç§å­ã€‚
æ„Ÿå—ä¸–ç•Œçš„æ¸©åº¦ï¼Œ
å¹´è½»çš„ä½ ä¹Ÿèƒ½æˆä¸ºæ”¹å˜ä¸–ç•Œçš„åŠ¨åŠ›ï¼Œ
ç™¾åº¦çæƒœä½ æ‰€æœ‰çš„æ½œåŠ›ã€‚
ä½ çš„æ½œåŠ›ï¼Œæ˜¯æ”¹å˜ä¸–ç•Œçš„åŠ¨åŠ›ï¼

", source: https://dss1.bdstatic.com/5eN1bjq8AAUYm2zgoY3K/r/www/cache/static/protocol/https/global/js/all_async_search_dafef7e.js (201)
[1218/160132.814:INFO:CONSOLE(201)] "%cç™¾åº¦2021æ ¡å›­æ‹›è˜ç®€å†æŠ•é€’ï¼šhttps://talent.baidu.com/external/baidu/campus.html color:red", source: https://dss1.bdstatic.com/5eN1bjq8AAUYm2zgoY3K/r/www/cache/static/protocol/https/global/js/all_async_search_dafef7e.js (201)
[1116/180221.128:ERROR:dxva_video_decode_accelerator_win.cc(1338)] DXVAVDA fatal error: Could not load mf.dll: ÕÒ²»µ½Ö¸¶¨µÄÄ£¿é¡£ (0x7E)
