e:\source\mfc\jovtool\jovtool\x64\debug\jovtool.pch
e:\source\mfc\jovtool\jovtool\x64\debug\vc120.pdb
e:\source\mfc\jovtool\jovtool\x64\debug\vc120.idb
e:\source\mfc\jovtool\jovtool\x64\debug\stdafx.obj
e:\source\mfc\jovtool\jovtool\x64\debug\encode.obj
e:\source\mfc\jovtool\jovtool\x64\debug\markup.obj
e:\source\mfc\jovtool\jovtool\x64\debug\md5.obj
e:\source\mfc\jovtool\jovtool\x64\debug\pub.obj
e:\source\mfc\jovtool\jovtool\x64\debug\thread.obj
e:\source\mfc\jovtool\jovtool\x64\debug\tinystr.obj
e:\source\mfc\jovtool\jovtool\x64\debug\tinyxml.obj
e:\source\mfc\jovtool\jovtool\x64\debug\tinyxmlerror.obj
e:\source\mfc\jovtool\jovtool\x64\debug\tinyxmlparser.obj
e:\source\mfc\jovtool\jovtool\x64\debug\utilities.obj
e:\source\mfc\jovtool\jovtool\x64\debug\catchpack.obj
e:\source\mfc\jovtool\jovtool\x64\debug\httpclient.obj
e:\source\mfc\jovtool\jovtool\x64\debug\jovtool.obj
e:\source\mfc\jovtool\jovtool\x64\debug\jovtooldlg.obj
e:\source\mfc\jovtool\jovtool\x64\debug\sockethandle.obj
e:\source\mfc\jovtool\jovtool\x64\debug\surf.obj
e:\source\mfc\jovtool\jovtool\x64\debug\templetweb.obj
e:\source\mfc\jovtool\jovtool\x64\debug\webhandler.obj
e:\source\mfc\jovtool\jovtool\x64\debug\jovtool.res
e:\source\mfc\jovtool\jovtool\x64\debug\jovtool.tlog\cl.command.1.tlog
e:\source\mfc\jovtool\jovtool\x64\debug\jovtool.tlog\cl.read.1.tlog
e:\source\mfc\jovtool\jovtool\x64\debug\jovtool.tlog\cl.write.1.tlog
e:\source\mfc\jovtool\jovtool\x64\debug\jovtool.tlog\link.command.1.tlog
e:\source\mfc\jovtool\jovtool\x64\debug\jovtool.tlog\link.read.1.tlog
e:\source\mfc\jovtool\jovtool\x64\debug\jovtool.tlog\link.write.1.tlog
e:\source\mfc\jovtool\jovtool\x64\debug\jovtool.tlog\rc.command.1.tlog
e:\source\mfc\jovtool\jovtool\x64\debug\jovtool.tlog\rc.read.1.tlog
e:\source\mfc\jovtool\jovtool\x64\debug\jovtool.tlog\rc.write.1.tlog
