生成启动时间为 2021-11-16 18:00:58。
     1>项目“E:\Source\MFC\JovTool\JovTool\JovTool.vcxproj”在节点 2 上(Build 个目标)。
     1>ClCompile:
         C:\Program Files (x86)\Microsoft Visual Studio 12.0\VC\bin\x86_amd64\CL.exe /c /I../Public/Include /IE:\Source\MFC\JovTool\CEF\x64\ /Zi /nologo /W3 /WX- /Od /D WIN32 /D _WINDOWS /D _DEBUG /D _UNICODE /D UNICODE /Gm /EHsc /RTC1 /MTd /GS /fp:precise /Zc:wchar_t /Zc:forScope /Yc"stdafx.h" /Fp"x64\Debug\JovTool.pch" /Fo"x64\Debug\\" /Fd"x64\Debug\vc120.pdb" /Gd /TP /errorReport:prompt stdafx.cpp
         stdafx.cpp
         C:\Program Files (x86)\Microsoft Visual Studio 12.0\VC\bin\x86_amd64\CL.exe /c /I../Public/Include /IE:\Source\MFC\JovTool\CEF\x64\ /Zi /nologo /W3 /WX- /Od /D WIN32 /D _WINDOWS /D _DEBUG /D _UNICODE /D UNICODE /Gm /EHsc /RTC1 /MTd /GS /fp:precise /Zc:wchar_t /Zc:forScope /Yu"stdafx.h" /Fp"x64\Debug\JovTool.pch" /Fo"x64\Debug\\" /Fd"x64\Debug\vc120.pdb" /Gd /TP /errorReport:prompt ..\Public\Src\Markup.cpp ..\Public\Src\Pub.cpp ..\Public\Src\Thread.cpp ..\Public\Src\encode.cpp ..\Public\Src\md5.cpp ..\Public\Src\tinystr.cpp ..\Public\Src\tinyxml.cpp ..\Public\Src\tinyxmlerror.cpp ..\Public\Src\tinyxmlparser.cpp ..\Public\Src\utilities.cpp CatchPack.cpp HttpClient.cpp JovTool.cpp JovToolDlg.cpp SocketHandle.cpp TempletWeb.cpp surf.cpp webHandler.cpp
         webHandler.cpp
         surf.cpp
         TempletWeb.cpp
         SocketHandle.cpp
     1>SocketHandle.cpp(39): warning C4267: “参数”: 从“size_t”转换到“int”，可能丢失数据
         JovToolDlg.cpp
     1>E:\Source\MFC\JovTool\Public\Include\Protocol.h(17): warning C4091: “typedef ”: 没有声明变量时忽略“ethhdr”的左侧
     1>E:\Source\MFC\JovTool\Public\Include\Protocol.h(31): warning C4091: “typedef ”: 没有声明变量时忽略“arphdr”的左侧
     1>E:\Source\MFC\JovTool\Public\Include\Protocol.h(53): warning C4091: “typedef ”: 没有声明变量时忽略“iphdr”的左侧
     1>E:\Source\MFC\JovTool\Public\Include\Protocol.h(105): warning C4091: “typedef ”: 没有声明变量时忽略“tcphdr”的左侧
     1>E:\Source\MFC\JovTool\Public\Include\Protocol.h(128): warning C4091: “typedef ”: 没有声明变量时忽略“udphdr”的左侧
     1>E:\Source\MFC\JovTool\Public\Include\Protocol.h(137): warning C4091: “typedef ”: 没有声明变量时忽略“icmphdr”的左侧
     1>E:\Source\MFC\JovTool\Public\Include\Protocol.h(156): warning C4091: “typedef ”: 没有声明变量时忽略“iphdr6”的左侧
     1>E:\Source\MFC\JovTool\Public\Include\Protocol.h(168): warning C4091: “typedef ”: 没有声明变量时忽略“icmphdr6”的左侧
     1>E:\Source\MFC\JovTool\Public\Include\Protocol.h(183): warning C4091: “typedef ”: 没有声明变量时忽略“pktcount”的左侧
     1>E:\Source\MFC\JovTool\Public\Include\Protocol.h(205): warning C4091: “typedef ”: 没有声明变量时忽略“datapkt”的左侧
     1>JovToolDlg.cpp(336): warning C4267: “初始化”: 从“size_t”转换到“int”，可能丢失数据
     1>JovToolDlg.cpp(344): warning C4267: “=”: 从“size_t”转换到“int”，可能丢失数据
     1>JovToolDlg.cpp(351): warning C4267: “=”: 从“size_t”转换到“int”，可能丢失数据
     1>JovToolDlg.cpp(372): warning C4267: “=”: 从“size_t”转换到“int”，可能丢失数据
     1>JovToolDlg.cpp(554): warning C4267: “return”: 从“size_t”转换到“int”，可能丢失数据
     1>JovToolDlg.cpp(923): warning C4244: “初始化”: 从“ULONGLONG”转换到“int”，可能丢失数据
     1>JovToolDlg.cpp(1051): warning C4553: “==”: 运算符不起任何作用；是否是有意使用“=”的?
         JovTool.cpp
     1>E:\Source\MFC\JovTool\Public\Include\Protocol.h(17): warning C4091: “typedef ”: 没有声明变量时忽略“ethhdr”的左侧
     1>E:\Source\MFC\JovTool\Public\Include\Protocol.h(31): warning C4091: “typedef ”: 没有声明变量时忽略“arphdr”的左侧
     1>E:\Source\MFC\JovTool\Public\Include\Protocol.h(53): warning C4091: “typedef ”: 没有声明变量时忽略“iphdr”的左侧
     1>E:\Source\MFC\JovTool\Public\Include\Protocol.h(105): warning C4091: “typedef ”: 没有声明变量时忽略“tcphdr”的左侧
     1>E:\Source\MFC\JovTool\Public\Include\Protocol.h(128): warning C4091: “typedef ”: 没有声明变量时忽略“udphdr”的左侧
     1>E:\Source\MFC\JovTool\Public\Include\Protocol.h(137): warning C4091: “typedef ”: 没有声明变量时忽略“icmphdr”的左侧
     1>E:\Source\MFC\JovTool\Public\Include\Protocol.h(156): warning C4091: “typedef ”: 没有声明变量时忽略“iphdr6”的左侧
     1>E:\Source\MFC\JovTool\Public\Include\Protocol.h(168): warning C4091: “typedef ”: 没有声明变量时忽略“icmphdr6”的左侧
     1>E:\Source\MFC\JovTool\Public\Include\Protocol.h(183): warning C4091: “typedef ”: 没有声明变量时忽略“pktcount”的左侧
     1>E:\Source\MFC\JovTool\Public\Include\Protocol.h(205): warning C4091: “typedef ”: 没有声明变量时忽略“datapkt”的左侧
         HttpClient.cpp
     1>HttpClient.cpp(184): warning C4267: “参数”: 从“size_t”转换到“DWORD”，可能丢失数据
     1>HttpClient.cpp(118): warning C4101: “dwFlags”: 未引用的局部变量
         CatchPack.cpp
     1>E:\Source\MFC\JovTool\Public\Include\Protocol.h(17): warning C4091: “typedef ”: 没有声明变量时忽略“ethhdr”的左侧
     1>E:\Source\MFC\JovTool\Public\Include\Protocol.h(31): warning C4091: “typedef ”: 没有声明变量时忽略“arphdr”的左侧
     1>E:\Source\MFC\JovTool\Public\Include\Protocol.h(53): warning C4091: “typedef ”: 没有声明变量时忽略“iphdr”的左侧
     1>E:\Source\MFC\JovTool\Public\Include\Protocol.h(105): warning C4091: “typedef ”: 没有声明变量时忽略“tcphdr”的左侧
     1>E:\Source\MFC\JovTool\Public\Include\Protocol.h(128): warning C4091: “typedef ”: 没有声明变量时忽略“udphdr”的左侧
     1>E:\Source\MFC\JovTool\Public\Include\Protocol.h(137): warning C4091: “typedef ”: 没有声明变量时忽略“icmphdr”的左侧
     1>E:\Source\MFC\JovTool\Public\Include\Protocol.h(156): warning C4091: “typedef ”: 没有声明变量时忽略“iphdr6”的左侧
     1>E:\Source\MFC\JovTool\Public\Include\Protocol.h(168): warning C4091: “typedef ”: 没有声明变量时忽略“icmphdr6”的左侧
     1>E:\Source\MFC\JovTool\Public\Include\Protocol.h(183): warning C4091: “typedef ”: 没有声明变量时忽略“pktcount”的左侧
     1>E:\Source\MFC\JovTool\Public\Include\Protocol.h(205): warning C4091: “typedef ”: 没有声明变量时忽略“datapkt”的左侧
         utilities.cpp
     1>e:\source\mfc\jovtool\public\include\Protocol.h(17): warning C4091: “typedef ”: 没有声明变量时忽略“ethhdr”的左侧
     1>e:\source\mfc\jovtool\public\include\Protocol.h(31): warning C4091: “typedef ”: 没有声明变量时忽略“arphdr”的左侧
     1>e:\source\mfc\jovtool\public\include\Protocol.h(53): warning C4091: “typedef ”: 没有声明变量时忽略“iphdr”的左侧
     1>e:\source\mfc\jovtool\public\include\Protocol.h(105): warning C4091: “typedef ”: 没有声明变量时忽略“tcphdr”的左侧
     1>e:\source\mfc\jovtool\public\include\Protocol.h(128): warning C4091: “typedef ”: 没有声明变量时忽略“udphdr”的左侧
     1>e:\source\mfc\jovtool\public\include\Protocol.h(137): warning C4091: “typedef ”: 没有声明变量时忽略“icmphdr”的左侧
     1>e:\source\mfc\jovtool\public\include\Protocol.h(156): warning C4091: “typedef ”: 没有声明变量时忽略“iphdr6”的左侧
     1>e:\source\mfc\jovtool\public\include\Protocol.h(168): warning C4091: “typedef ”: 没有声明变量时忽略“icmphdr6”的左侧
     1>e:\source\mfc\jovtool\public\include\Protocol.h(183): warning C4091: “typedef ”: 没有声明变量时忽略“pktcount”的左侧
     1>e:\source\mfc\jovtool\public\include\Protocol.h(205): warning C4091: “typedef ”: 没有声明变量时忽略“datapkt”的左侧
     1>..\Public\Src\utilities.cpp(118): warning C4101: “i”: 未引用的局部变量
     1>..\Public\Src\utilities.cpp(319): warning C4101: “p”: 未引用的局部变量
         tinyxmlparser.cpp
         tinyxmlerror.cpp
         tinyxml.cpp
         tinystr.cpp
         md5.cpp
         encode.cpp
     1>..\Public\Src\encode.cpp(121): warning C4267: “初始化”: 从“size_t”转换到“int”，可能丢失数据
     1>..\Public\Src\encode.cpp(158): warning C4267: “return”: 从“size_t”转换到“int”，可能丢失数据
     1>..\Public\Src\encode.cpp(175): warning C4267: “初始化”: 从“size_t”转换到“int”，可能丢失数据
     1>..\Public\Src\encode.cpp(177): warning C4267: “参数”: 从“size_t”转换到“unsigned int”，可能丢失数据
         Thread.cpp
         Pub.cpp
     1>..\Public\Src\Pub.cpp(42): warning C4267: “参数”: 从“size_t”转换到“int”，可能丢失数据
     1>..\Public\Src\Pub.cpp(45): warning C4267: “参数”: 从“size_t”转换到“int”，可能丢失数据
     1>..\Public\Src\Pub.cpp(53): warning C4267: “参数”: 从“size_t”转换到“int”，可能丢失数据
     1>..\Public\Src\Pub.cpp(54): warning C4267: “参数”: 从“size_t”转换到“int”，可能丢失数据
         Markup.cpp
         正在生成代码...
       ResourceCompile:
         C:\Program Files (x86)\Windows Kits\8.1\bin\x86\rc.exe /D _DEBUG /D _UNICODE /D UNICODE /l"0x0409" /Ix64\Debug\ /nologo /fo"x64\Debug\JovTool.res" JovTool.rc 
       Link:
         C:\Program Files (x86)\Microsoft Visual Studio 12.0\VC\bin\x86_amd64\link.exe /ERRORREPORT:PROMPT /OUT:"E:\Source\MFC\JovTool\x64\Debug\JovTool.exe" /INCREMENTAL /NOLOGO /LIBPATH:..\Lib64\ /LIBPATH:..\Lib64\Debug\ /LIBPATH:E:\Source\MFC\JovTool\CEF\x64\Debug libcef.lib libcef_dll_wrapper.lib zlibwapi.lib wpcap.lib ws2_32.lib /MANIFEST /MANIFESTUAC:"level='asInvoker' uiAccess='false'" /manifest:embed /manifestinput:"C:\Program Files (x86)\Microsoft Visual Studio 12.0\VC\Include\Manifest\dpiaware.manifest" /DEBUG /PDB:"E:\Source\MFC\JovTool\x64\Debug\JovTool.pdb" /SUBSYSTEM:WINDOWS /STACK:"16000000","16000000" /TLBID:1 /ENTRY:"wWinMainCRTStartup" /DYNAMICBASE /NXCOMPAT /IMPLIB:"E:\Source\MFC\JovTool\x64\Debug\JovTool.lib" /MACHINE:X64 x64\Debug\JovTool.res
         x64\Debug\encode.obj
         x64\Debug\Markup.obj
         x64\Debug\md5.obj
         x64\Debug\Pub.obj
         x64\Debug\Thread.obj
         x64\Debug\tinystr.obj
         x64\Debug\tinyxml.obj
         x64\Debug\tinyxmlerror.obj
         x64\Debug\tinyxmlparser.obj
         x64\Debug\utilities.obj
         x64\Debug\CatchPack.obj
         x64\Debug\HttpClient.obj
         x64\Debug\JovTool.obj
         x64\Debug\JovToolDlg.obj
         x64\Debug\SocketHandle.obj
         x64\Debug\stdafx.obj
         x64\Debug\surf.obj
         x64\Debug\TempletWeb.obj
         x64\Debug\webHandler.obj
     1>libcef_dll_wrapper.lib(shutdown_checker.obj) : warning LNK4099: 未找到 PDB“vc120.pdb”(使用“libcef_dll_wrapper.lib(shutdown_checker.obj)”或在“E:\Source\MFC\JovTool\x64\Debug\vc120.pdb”中寻找)；正在链接对象，如同没有调试信息一样
     1>libcef_dll_wrapper.lib(transfer_util.obj) : warning LNK4099: 未找到 PDB“vc120.pdb”(使用“libcef_dll_wrapper.lib(transfer_util.obj)”或在“E:\Source\MFC\JovTool\x64\Debug\vc120.pdb”中寻找)；正在链接对象，如同没有调试信息一样
     1>libcef_dll_wrapper.lib(cef_callback_internal.obj) : warning LNK4099: 未找到 PDB“vc120.pdb”(使用“libcef_dll_wrapper.lib(cef_callback_internal.obj)”或在“E:\Source\MFC\JovTool\x64\Debug\vc120.pdb”中寻找)；正在链接对象，如同没有调试信息一样
     1>libcef_dll_wrapper.lib(cef_lock.obj) : warning LNK4099: 未找到 PDB“vc120.pdb”(使用“libcef_dll_wrapper.lib(cef_lock.obj)”或在“E:\Source\MFC\JovTool\x64\Debug\vc120.pdb”中寻找)；正在链接对象，如同没有调试信息一样
     1>libcef_dll_wrapper.lib(cef_lock_impl.obj) : warning LNK4099: 未找到 PDB“vc120.pdb”(使用“libcef_dll_wrapper.lib(cef_lock_impl.obj)”或在“E:\Source\MFC\JovTool\x64\Debug\vc120.pdb”中寻找)；正在链接对象，如同没有调试信息一样
     1>libcef_dll_wrapper.lib(cef_logging.obj) : warning LNK4099: 未找到 PDB“vc120.pdb”(使用“libcef_dll_wrapper.lib(cef_logging.obj)”或在“E:\Source\MFC\JovTool\x64\Debug\vc120.pdb”中寻找)；正在链接对象，如同没有调试信息一样
     1>libcef_dll_wrapper.lib(accessibility_handler_cpptoc.obj) : warning LNK4099: 未找到 PDB“vc120.pdb”(使用“libcef_dll_wrapper.lib(accessibility_handler_cpptoc.obj)”或在“E:\Source\MFC\JovTool\x64\Debug\vc120.pdb”中寻找)；正在链接对象，如同没有调试信息一样
     1>libcef_dll_wrapper.lib(app_cpptoc.obj) : warning LNK4099: 未找到 PDB“vc120.pdb”(使用“libcef_dll_wrapper.lib(app_cpptoc.obj)”或在“E:\Source\MFC\JovTool\x64\Debug\vc120.pdb”中寻找)；正在链接对象，如同没有调试信息一样
     1>libcef_dll_wrapper.lib(audio_handler_cpptoc.obj) : warning LNK4099: 未找到 PDB“vc120.pdb”(使用“libcef_dll_wrapper.lib(audio_handler_cpptoc.obj)”或在“E:\Source\MFC\JovTool\x64\Debug\vc120.pdb”中寻找)；正在链接对象，如同没有调试信息一样
     1>libcef_dll_wrapper.lib(base_ref_counted_cpptoc.obj) : warning LNK4099: 未找到 PDB“vc120.pdb”(使用“libcef_dll_wrapper.lib(base_ref_counted_cpptoc.obj)”或在“E:\Source\MFC\JovTool\x64\Debug\vc120.pdb”中寻找)；正在链接对象，如同没有调试信息一样
     1>libcef_dll_wrapper.lib(browser_process_handler_cpptoc.obj) : warning LNK4099: 未找到 PDB“vc120.pdb”(使用“libcef_dll_wrapper.lib(browser_process_handler_cpptoc.obj)”或在“E:\Source\MFC\JovTool\x64\Debug\vc120.pdb”中寻找)；正在链接对象，如同没有调试信息一样
     1>libcef_dll_wrapper.lib(client_cpptoc.obj) : warning LNK4099: 未找到 PDB“vc120.pdb”(使用“libcef_dll_wrapper.lib(client_cpptoc.obj)”或在“E:\Source\MFC\JovTool\x64\Debug\vc120.pdb”中寻找)；正在链接对象，如同没有调试信息一样
     1>libcef_dll_wrapper.lib(completion_callback_cpptoc.obj) : warning LNK4099: 未找到 PDB“vc120.pdb”(使用“libcef_dll_wrapper.lib(completion_callback_cpptoc.obj)”或在“E:\Source\MFC\JovTool\x64\Debug\vc120.pdb”中寻找)；正在链接对象，如同没有调试信息一样
     1>libcef_dll_wrapper.lib(context_menu_handler_cpptoc.obj) : warning LNK4099: 未找到 PDB“vc120.pdb”(使用“libcef_dll_wrapper.lib(context_menu_handler_cpptoc.obj)”或在“E:\Source\MFC\JovTool\x64\Debug\vc120.pdb”中寻找)；正在链接对象，如同没有调试信息一样
     1>libcef_dll_wrapper.lib(cookie_access_filter_cpptoc.obj) : warning LNK4099: 未找到 PDB“vc120.pdb”(使用“libcef_dll_wrapper.lib(cookie_access_filter_cpptoc.obj)”或在“E:\Source\MFC\JovTool\x64\Debug\vc120.pdb”中寻找)；正在链接对象，如同没有调试信息一样
     1>libcef_dll_wrapper.lib(cookie_visitor_cpptoc.obj) : warning LNK4099: 未找到 PDB“vc120.pdb”(使用“libcef_dll_wrapper.lib(cookie_visitor_cpptoc.obj)”或在“E:\Source\MFC\JovTool\x64\Debug\vc120.pdb”中寻找)；正在链接对象，如同没有调试信息一样
     1>libcef_dll_wrapper.lib(delete_cookies_callback_cpptoc.obj) : warning LNK4099: 未找到 PDB“vc120.pdb”(使用“libcef_dll_wrapper.lib(delete_cookies_callback_cpptoc.obj)”或在“E:\Source\MFC\JovTool\x64\Debug\vc120.pdb”中寻找)；正在链接对象，如同没有调试信息一样
     1>libcef_dll_wrapper.lib(dev_tools_message_observer_cpptoc.obj) : warning LNK4099: 未找到 PDB“vc120.pdb”(使用“libcef_dll_wrapper.lib(dev_tools_message_observer_cpptoc.obj)”或在“E:\Source\MFC\JovTool\x64\Debug\vc120.pdb”中寻找)；正在链接对象，如同没有调试信息一样
     1>libcef_dll_wrapper.lib(dialog_handler_cpptoc.obj) : warning LNK4099: 未找到 PDB“vc120.pdb”(使用“libcef_dll_wrapper.lib(dialog_handler_cpptoc.obj)”或在“E:\Source\MFC\JovTool\x64\Debug\vc120.pdb”中寻找)；正在链接对象，如同没有调试信息一样
     1>libcef_dll_wrapper.lib(display_handler_cpptoc.obj) : warning LNK4099: 未找到 PDB“vc120.pdb”(使用“libcef_dll_wrapper.lib(display_handler_cpptoc.obj)”或在“E:\Source\MFC\JovTool\x64\Debug\vc120.pdb”中寻找)；正在链接对象，如同没有调试信息一样
     1>libcef_dll_wrapper.lib(domvisitor_cpptoc.obj) : warning LNK4099: 未找到 PDB“vc120.pdb”(使用“libcef_dll_wrapper.lib(domvisitor_cpptoc.obj)”或在“E:\Source\MFC\JovTool\x64\Debug\vc120.pdb”中寻找)；正在链接对象，如同没有调试信息一样
     1>libcef_dll_wrapper.lib(download_handler_cpptoc.obj) : warning LNK4099: 未找到 PDB“vc120.pdb”(使用“libcef_dll_wrapper.lib(download_handler_cpptoc.obj)”或在“E:\Source\MFC\JovTool\x64\Debug\vc120.pdb”中寻找)；正在链接对象，如同没有调试信息一样
     1>libcef_dll_wrapper.lib(download_image_callback_cpptoc.obj) : warning LNK4099: 未找到 PDB“vc120.pdb”(使用“libcef_dll_wrapper.lib(download_image_callback_cpptoc.obj)”或在“E:\Source\MFC\JovTool\x64\Debug\vc120.pdb”中寻找)；正在链接对象，如同没有调试信息一样
     1>libcef_dll_wrapper.lib(drag_handler_cpptoc.obj) : warning LNK4099: 未找到 PDB“vc120.pdb”(使用“libcef_dll_wrapper.lib(drag_handler_cpptoc.obj)”或在“E:\Source\MFC\JovTool\x64\Debug\vc120.pdb”中寻找)；正在链接对象，如同没有调试信息一样
     1>libcef_dll_wrapper.lib(end_tracing_callback_cpptoc.obj) : warning LNK4099: 未找到 PDB“vc120.pdb”(使用“libcef_dll_wrapper.lib(end_tracing_callback_cpptoc.obj)”或在“E:\Source\MFC\JovTool\x64\Debug\vc120.pdb”中寻找)；正在链接对象，如同没有调试信息一样
     1>libcef_dll_wrapper.lib(extension_handler_cpptoc.obj) : warning LNK4099: 未找到 PDB“vc120.pdb”(使用“libcef_dll_wrapper.lib(extension_handler_cpptoc.obj)”或在“E:\Source\MFC\JovTool\x64\Debug\vc120.pdb”中寻找)；正在链接对象，如同没有调试信息一样
     1>libcef_dll_wrapper.lib(find_handler_cpptoc.obj) : warning LNK4099: 未找到 PDB“vc120.pdb”(使用“libcef_dll_wrapper.lib(find_handler_cpptoc.obj)”或在“E:\Source\MFC\JovTool\x64\Debug\vc120.pdb”中寻找)；正在链接对象，如同没有调试信息一样
     1>libcef_dll_wrapper.lib(focus_handler_cpptoc.obj) : warning LNK4099: 未找到 PDB“vc120.pdb”(使用“libcef_dll_wrapper.lib(focus_handler_cpptoc.obj)”或在“E:\Source\MFC\JovTool\x64\Debug\vc120.pdb”中寻找)；正在链接对象，如同没有调试信息一样
     1>libcef_dll_wrapper.lib(jsdialog_handler_cpptoc.obj) : warning LNK4099: 未找到 PDB“vc120.pdb”(使用“libcef_dll_wrapper.lib(jsdialog_handler_cpptoc.obj)”或在“E:\Source\MFC\JovTool\x64\Debug\vc120.pdb”中寻找)；正在链接对象，如同没有调试信息一样
     1>libcef_dll_wrapper.lib(keyboard_handler_cpptoc.obj) : warning LNK4099: 未找到 PDB“vc120.pdb”(使用“libcef_dll_wrapper.lib(keyboard_handler_cpptoc.obj)”或在“E:\Source\MFC\JovTool\x64\Debug\vc120.pdb”中寻找)；正在链接对象，如同没有调试信息一样
     1>libcef_dll_wrapper.lib(life_span_handler_cpptoc.obj) : warning LNK4099: 未找到 PDB“vc120.pdb”(使用“libcef_dll_wrapper.lib(life_span_handler_cpptoc.obj)”或在“E:\Source\MFC\JovTool\x64\Debug\vc120.pdb”中寻找)；正在链接对象，如同没有调试信息一样
     1>libcef_dll_wrapper.lib(load_handler_cpptoc.obj) : warning LNK4099: 未找到 PDB“vc120.pdb”(使用“libcef_dll_wrapper.lib(load_handler_cpptoc.obj)”或在“E:\Source\MFC\JovTool\x64\Debug\vc120.pdb”中寻找)；正在链接对象，如同没有调试信息一样
     1>libcef_dll_wrapper.lib(media_observer_cpptoc.obj) : warning LNK4099: 未找到 PDB“vc120.pdb”(使用“libcef_dll_wrapper.lib(media_observer_cpptoc.obj)”或在“E:\Source\MFC\JovTool\x64\Debug\vc120.pdb”中寻找)；正在链接对象，如同没有调试信息一样
     1>libcef_dll_wrapper.lib(media_route_create_callback_cpptoc.obj) : warning LNK4099: 未找到 PDB“vc120.pdb”(使用“libcef_dll_wrapper.lib(media_route_create_callback_cpptoc.obj)”或在“E:\Source\MFC\JovTool\x64\Debug\vc120.pdb”中寻找)；正在链接对象，如同没有调试信息一样
     1>libcef_dll_wrapper.lib(media_sink_device_info_callback_cpptoc.obj) : warning LNK4099: 未找到 PDB“vc120.pdb”(使用“libcef_dll_wrapper.lib(media_sink_device_info_callback_cpptoc.obj)”或在“E:\Source\MFC\JovTool\x64\Debug\vc120.pdb”中寻找)；正在链接对象，如同没有调试信息一样
     1>libcef_dll_wrapper.lib(menu_model_delegate_cpptoc.obj) : warning LNK4099: 未找到 PDB“vc120.pdb”(使用“libcef_dll_wrapper.lib(menu_model_delegate_cpptoc.obj)”或在“E:\Source\MFC\JovTool\x64\Debug\vc120.pdb”中寻找)；正在链接对象，如同没有调试信息一样
     1>libcef_dll_wrapper.lib(navigation_entry_visitor_cpptoc.obj) : warning LNK4099: 未找到 PDB“vc120.pdb”(使用“libcef_dll_wrapper.lib(navigation_entry_visitor_cpptoc.obj)”或在“E:\Source\MFC\JovTool\x64\Debug\vc120.pdb”中寻找)；正在链接对象，如同没有调试信息一样
     1>libcef_dll_wrapper.lib(pdf_print_callback_cpptoc.obj) : warning LNK4099: 未找到 PDB“vc120.pdb”(使用“libcef_dll_wrapper.lib(pdf_print_callback_cpptoc.obj)”或在“E:\Source\MFC\JovTool\x64\Debug\vc120.pdb”中寻找)；正在链接对象，如同没有调试信息一样
     1>libcef_dll_wrapper.lib(print_handler_cpptoc.obj) : warning LNK4099: 未找到 PDB“vc120.pdb”(使用“libcef_dll_wrapper.lib(print_handler_cpptoc.obj)”或在“E:\Source\MFC\JovTool\x64\Debug\vc120.pdb”中寻找)；正在链接对象，如同没有调试信息一样
     1>libcef_dll_wrapper.lib(read_handler_cpptoc.obj) : warning LNK4099: 未找到 PDB“vc120.pdb”(使用“libcef_dll_wrapper.lib(read_handler_cpptoc.obj)”或在“E:\Source\MFC\JovTool\x64\Debug\vc120.pdb”中寻找)；正在链接对象，如同没有调试信息一样
     1>libcef_dll_wrapper.lib(register_cdm_callback_cpptoc.obj) : warning LNK4099: 未找到 PDB“vc120.pdb”(使用“libcef_dll_wrapper.lib(register_cdm_callback_cpptoc.obj)”或在“E:\Source\MFC\JovTool\x64\Debug\vc120.pdb”中寻找)；正在链接对象，如同没有调试信息一样
     1>libcef_dll_wrapper.lib(render_handler_cpptoc.obj) : warning LNK4099: 未找到 PDB“vc120.pdb”(使用“libcef_dll_wrapper.lib(render_handler_cpptoc.obj)”或在“E:\Source\MFC\JovTool\x64\Debug\vc120.pdb”中寻找)；正在链接对象，如同没有调试信息一样
     1>libcef_dll_wrapper.lib(render_process_handler_cpptoc.obj) : warning LNK4099: 未找到 PDB“vc120.pdb”(使用“libcef_dll_wrapper.lib(render_process_handler_cpptoc.obj)”或在“E:\Source\MFC\JovTool\x64\Debug\vc120.pdb”中寻找)；正在链接对象，如同没有调试信息一样
     1>libcef_dll_wrapper.lib(request_context_handler_cpptoc.obj) : warning LNK4099: 未找到 PDB“vc120.pdb”(使用“libcef_dll_wrapper.lib(request_context_handler_cpptoc.obj)”或在“E:\Source\MFC\JovTool\x64\Debug\vc120.pdb”中寻找)；正在链接对象，如同没有调试信息一样
     1>libcef_dll_wrapper.lib(request_handler_cpptoc.obj) : warning LNK4099: 未找到 PDB“vc120.pdb”(使用“libcef_dll_wrapper.lib(request_handler_cpptoc.obj)”或在“E:\Source\MFC\JovTool\x64\Debug\vc120.pdb”中寻找)；正在链接对象，如同没有调试信息一样
     1>libcef_dll_wrapper.lib(resolve_callback_cpptoc.obj) : warning LNK4099: 未找到 PDB“vc120.pdb”(使用“libcef_dll_wrapper.lib(resolve_callback_cpptoc.obj)”或在“E:\Source\MFC\JovTool\x64\Debug\vc120.pdb”中寻找)；正在链接对象，如同没有调试信息一样
     1>libcef_dll_wrapper.lib(resource_bundle_handler_cpptoc.obj) : warning LNK4099: 未找到 PDB“vc120.pdb”(使用“libcef_dll_wrapper.lib(resource_bundle_handler_cpptoc.obj)”或在“E:\Source\MFC\JovTool\x64\Debug\vc120.pdb”中寻找)；正在链接对象，如同没有调试信息一样
     1>libcef_dll_wrapper.lib(resource_handler_cpptoc.obj) : warning LNK4099: 未找到 PDB“vc120.pdb”(使用“libcef_dll_wrapper.lib(resource_handler_cpptoc.obj)”或在“E:\Source\MFC\JovTool\x64\Debug\vc120.pdb”中寻找)；正在链接对象，如同没有调试信息一样
     1>libcef_dll_wrapper.lib(resource_request_handler_cpptoc.obj) : warning LNK4099: 未找到 PDB“vc120.pdb”(使用“libcef_dll_wrapper.lib(resource_request_handler_cpptoc.obj)”或在“E:\Source\MFC\JovTool\x64\Debug\vc120.pdb”中寻找)；正在链接对象，如同没有调试信息一样
     1>libcef_dll_wrapper.lib(response_filter_cpptoc.obj) : warning LNK4099: 未找到 PDB“vc120.pdb”(使用“libcef_dll_wrapper.lib(response_filter_cpptoc.obj)”或在“E:\Source\MFC\JovTool\x64\Debug\vc120.pdb”中寻找)；正在链接对象，如同没有调试信息一样
     1>libcef_dll_wrapper.lib(run_file_dialog_callback_cpptoc.obj) : warning LNK4099: 未找到 PDB“vc120.pdb”(使用“libcef_dll_wrapper.lib(run_file_dialog_callback_cpptoc.obj)”或在“E:\Source\MFC\JovTool\x64\Debug\vc120.pdb”中寻找)；正在链接对象，如同没有调试信息一样
     1>libcef_dll_wrapper.lib(scheme_handler_factory_cpptoc.obj) : warning LNK4099: 未找到 PDB“vc120.pdb”(使用“libcef_dll_wrapper.lib(scheme_handler_factory_cpptoc.obj)”或在“E:\Source\MFC\JovTool\x64\Debug\vc120.pdb”中寻找)；正在链接对象，如同没有调试信息一样
     1>libcef_dll_wrapper.lib(set_cookie_callback_cpptoc.obj) : warning LNK4099: 未找到 PDB“vc120.pdb”(使用“libcef_dll_wrapper.lib(set_cookie_callback_cpptoc.obj)”或在“E:\Source\MFC\JovTool\x64\Debug\vc120.pdb”中寻找)；正在链接对象，如同没有调试信息一样
     1>libcef_dll_wrapper.lib(string_visitor_cpptoc.obj) : warning LNK4099: 未找到 PDB“vc120.pdb”(使用“libcef_dll_wrapper.lib(string_visitor_cpptoc.obj)”或在“E:\Source\MFC\JovTool\x64\Debug\vc120.pdb”中寻找)；正在链接对象，如同没有调试信息一样
     1>libcef_dll_wrapper.lib(task_cpptoc.obj) : warning LNK4099: 未找到 PDB“vc120.pdb”(使用“libcef_dll_wrapper.lib(task_cpptoc.obj)”或在“E:\Source\MFC\JovTool\x64\Debug\vc120.pdb”中寻找)；正在链接对象，如同没有调试信息一样
     1>libcef_dll_wrapper.lib(urlrequest_client_cpptoc.obj) : warning LNK4099: 未找到 PDB“vc120.pdb”(使用“libcef_dll_wrapper.lib(urlrequest_client_cpptoc.obj)”或在“E:\Source\MFC\JovTool\x64\Debug\vc120.pdb”中寻找)；正在链接对象，如同没有调试信息一样
     1>libcef_dll_wrapper.lib(v8accessor_cpptoc.obj) : warning LNK4099: 未找到 PDB“vc120.pdb”(使用“libcef_dll_wrapper.lib(v8accessor_cpptoc.obj)”或在“E:\Source\MFC\JovTool\x64\Debug\vc120.pdb”中寻找)；正在链接对象，如同没有调试信息一样
     1>libcef_dll_wrapper.lib(v8array_buffer_release_callback_cpptoc.obj) : warning LNK4099: 未找到 PDB“vc120.pdb”(使用“libcef_dll_wrapper.lib(v8array_buffer_release_callback_cpptoc.obj)”或在“E:\Source\MFC\JovTool\x64\Debug\vc120.pdb”中寻找)；正在链接对象，如同没有调试信息一样
     1>libcef_dll_wrapper.lib(v8handler_cpptoc.obj) : warning LNK4099: 未找到 PDB“vc120.pdb”(使用“libcef_dll_wrapper.lib(v8handler_cpptoc.obj)”或在“E:\Source\MFC\JovTool\x64\Debug\vc120.pdb”中寻找)；正在链接对象，如同没有调试信息一样
     1>libcef_dll_wrapper.lib(v8interceptor_cpptoc.obj) : warning LNK4099: 未找到 PDB“vc120.pdb”(使用“libcef_dll_wrapper.lib(v8interceptor_cpptoc.obj)”或在“E:\Source\MFC\JovTool\x64\Debug\vc120.pdb”中寻找)；正在链接对象，如同没有调试信息一样
     1>libcef_dll_wrapper.lib(web_plugin_info_visitor_cpptoc.obj) : warning LNK4099: 未找到 PDB“vc120.pdb”(使用“libcef_dll_wrapper.lib(web_plugin_info_visitor_cpptoc.obj)”或在“E:\Source\MFC\JovTool\x64\Debug\vc120.pdb”中寻找)；正在链接对象，如同没有调试信息一样
     1>libcef_dll_wrapper.lib(web_plugin_unstable_callback_cpptoc.obj) : warning LNK4099: 未找到 PDB“vc120.pdb”(使用“libcef_dll_wrapper.lib(web_plugin_unstable_callback_cpptoc.obj)”或在“E:\Source\MFC\JovTool\x64\Debug\vc120.pdb”中寻找)；正在链接对象，如同没有调试信息一样
     1>libcef_dll_wrapper.lib(write_handler_cpptoc.obj) : warning LNK4099: 未找到 PDB“vc120.pdb”(使用“libcef_dll_wrapper.lib(write_handler_cpptoc.obj)”或在“E:\Source\MFC\JovTool\x64\Debug\vc120.pdb”中寻找)；正在链接对象，如同没有调试信息一样
     1>libcef_dll_wrapper.lib(browser_view_delegate_cpptoc.obj) : warning LNK4099: 未找到 PDB“vc120.pdb”(使用“libcef_dll_wrapper.lib(browser_view_delegate_cpptoc.obj)”或在“E:\Source\MFC\JovTool\x64\Debug\vc120.pdb”中寻找)；正在链接对象，如同没有调试信息一样
     1>libcef_dll_wrapper.lib(button_delegate_cpptoc.obj) : warning LNK4099: 未找到 PDB“vc120.pdb”(使用“libcef_dll_wrapper.lib(button_delegate_cpptoc.obj)”或在“E:\Source\MFC\JovTool\x64\Debug\vc120.pdb”中寻找)；正在链接对象，如同没有调试信息一样
     1>libcef_dll_wrapper.lib(menu_button_delegate_cpptoc.obj) : warning LNK4099: 未找到 PDB“vc120.pdb”(使用“libcef_dll_wrapper.lib(menu_button_delegate_cpptoc.obj)”或在“E:\Source\MFC\JovTool\x64\Debug\vc120.pdb”中寻找)；正在链接对象，如同没有调试信息一样
     1>libcef_dll_wrapper.lib(panel_delegate_cpptoc.obj) : warning LNK4099: 未找到 PDB“vc120.pdb”(使用“libcef_dll_wrapper.lib(panel_delegate_cpptoc.obj)”或在“E:\Source\MFC\JovTool\x64\Debug\vc120.pdb”中寻找)；正在链接对象，如同没有调试信息一样
     1>libcef_dll_wrapper.lib(textfield_delegate_cpptoc.obj) : warning LNK4099: 未找到 PDB“vc120.pdb”(使用“libcef_dll_wrapper.lib(textfield_delegate_cpptoc.obj)”或在“E:\Source\MFC\JovTool\x64\Debug\vc120.pdb”中寻找)；正在链接对象，如同没有调试信息一样
     1>libcef_dll_wrapper.lib(view_delegate_cpptoc.obj) : warning LNK4099: 未找到 PDB“vc120.pdb”(使用“libcef_dll_wrapper.lib(view_delegate_cpptoc.obj)”或在“E:\Source\MFC\JovTool\x64\Debug\vc120.pdb”中寻找)；正在链接对象，如同没有调试信息一样
     1>libcef_dll_wrapper.lib(window_delegate_cpptoc.obj) : warning LNK4099: 未找到 PDB“vc120.pdb”(使用“libcef_dll_wrapper.lib(window_delegate_cpptoc.obj)”或在“E:\Source\MFC\JovTool\x64\Debug\vc120.pdb”中寻找)；正在链接对象，如同没有调试信息一样
     1>libcef_dll_wrapper.lib(auth_callback_ctocpp.obj) : warning LNK4099: 未找到 PDB“vc120.pdb”(使用“libcef_dll_wrapper.lib(auth_callback_ctocpp.obj)”或在“E:\Source\MFC\JovTool\x64\Debug\vc120.pdb”中寻找)；正在链接对象，如同没有调试信息一样
     1>libcef_dll_wrapper.lib(before_download_callback_ctocpp.obj) : warning LNK4099: 未找到 PDB“vc120.pdb”(使用“libcef_dll_wrapper.lib(before_download_callback_ctocpp.obj)”或在“E:\Source\MFC\JovTool\x64\Debug\vc120.pdb”中寻找)；正在链接对象，如同没有调试信息一样
     1>libcef_dll_wrapper.lib(binary_value_ctocpp.obj) : warning LNK4099: 未找到 PDB“vc120.pdb”(使用“libcef_dll_wrapper.lib(binary_value_ctocpp.obj)”或在“E:\Source\MFC\JovTool\x64\Debug\vc120.pdb”中寻找)；正在链接对象，如同没有调试信息一样
     1>libcef_dll_wrapper.lib(browser_ctocpp.obj) : warning LNK4099: 未找到 PDB“vc120.pdb”(使用“libcef_dll_wrapper.lib(browser_ctocpp.obj)”或在“E:\Source\MFC\JovTool\x64\Debug\vc120.pdb”中寻找)；正在链接对象，如同没有调试信息一样
     1>libcef_dll_wrapper.lib(browser_host_ctocpp.obj) : warning LNK4099: 未找到 PDB“vc120.pdb”(使用“libcef_dll_wrapper.lib(browser_host_ctocpp.obj)”或在“E:\Source\MFC\JovTool\x64\Debug\vc120.pdb”中寻找)；正在链接对象，如同没有调试信息一样
     1>libcef_dll_wrapper.lib(callback_ctocpp.obj) : warning LNK4099: 未找到 PDB“vc120.pdb”(使用“libcef_dll_wrapper.lib(callback_ctocpp.obj)”或在“E:\Source\MFC\JovTool\x64\Debug\vc120.pdb”中寻找)；正在链接对象，如同没有调试信息一样
     1>libcef_dll_wrapper.lib(command_line_ctocpp.obj) : warning LNK4099: 未找到 PDB“vc120.pdb”(使用“libcef_dll_wrapper.lib(command_line_ctocpp.obj)”或在“E:\Source\MFC\JovTool\x64\Debug\vc120.pdb”中寻找)；正在链接对象，如同没有调试信息一样
     1>libcef_dll_wrapper.lib(context_menu_params_ctocpp.obj) : warning LNK4099: 未找到 PDB“vc120.pdb”(使用“libcef_dll_wrapper.lib(context_menu_params_ctocpp.obj)”或在“E:\Source\MFC\JovTool\x64\Debug\vc120.pdb”中寻找)；正在链接对象，如同没有调试信息一样
     1>libcef_dll_wrapper.lib(cookie_manager_ctocpp.obj) : warning LNK4099: 未找到 PDB“vc120.pdb”(使用“libcef_dll_wrapper.lib(cookie_manager_ctocpp.obj)”或在“E:\Source\MFC\JovTool\x64\Debug\vc120.pdb”中寻找)；正在链接对象，如同没有调试信息一样
     1>libcef_dll_wrapper.lib(dictionary_value_ctocpp.obj) : warning LNK4099: 未找到 PDB“vc120.pdb”(使用“libcef_dll_wrapper.lib(dictionary_value_ctocpp.obj)”或在“E:\Source\MFC\JovTool\x64\Debug\vc120.pdb”中寻找)；正在链接对象，如同没有调试信息一样
     1>libcef_dll_wrapper.lib(domdocument_ctocpp.obj) : warning LNK4099: 未找到 PDB“vc120.pdb”(使用“libcef_dll_wrapper.lib(domdocument_ctocpp.obj)”或在“E:\Source\MFC\JovTool\x64\Debug\vc120.pdb”中寻找)；正在链接对象，如同没有调试信息一样
     1>libcef_dll_wrapper.lib(domnode_ctocpp.obj) : warning LNK4099: 未找到 PDB“vc120.pdb”(使用“libcef_dll_wrapper.lib(domnode_ctocpp.obj)”或在“E:\Source\MFC\JovTool\x64\Debug\vc120.pdb”中寻找)；正在链接对象，如同没有调试信息一样
     1>libcef_dll_wrapper.lib(download_item_callback_ctocpp.obj) : warning LNK4099: 未找到 PDB“vc120.pdb”(使用“libcef_dll_wrapper.lib(download_item_callback_ctocpp.obj)”或在“E:\Source\MFC\JovTool\x64\Debug\vc120.pdb”中寻找)；正在链接对象，如同没有调试信息一样
     1>libcef_dll_wrapper.lib(download_item_ctocpp.obj) : warning LNK4099: 未找到 PDB“vc120.pdb”(使用“libcef_dll_wrapper.lib(download_item_ctocpp.obj)”或在“E:\Source\MFC\JovTool\x64\Debug\vc120.pdb”中寻找)；正在链接对象，如同没有调试信息一样
     1>libcef_dll_wrapper.lib(drag_data_ctocpp.obj) : warning LNK4099: 未找到 PDB“vc120.pdb”(使用“libcef_dll_wrapper.lib(drag_data_ctocpp.obj)”或在“E:\Source\MFC\JovTool\x64\Debug\vc120.pdb”中寻找)；正在链接对象，如同没有调试信息一样
     1>libcef_dll_wrapper.lib(extension_ctocpp.obj) : warning LNK4099: 未找到 PDB“vc120.pdb”(使用“libcef_dll_wrapper.lib(extension_ctocpp.obj)”或在“E:\Source\MFC\JovTool\x64\Debug\vc120.pdb”中寻找)；正在链接对象，如同没有调试信息一样
     1>libcef_dll_wrapper.lib(file_dialog_callback_ctocpp.obj) : warning LNK4099: 未找到 PDB“vc120.pdb”(使用“libcef_dll_wrapper.lib(file_dialog_callback_ctocpp.obj)”或在“E:\Source\MFC\JovTool\x64\Debug\vc120.pdb”中寻找)；正在链接对象，如同没有调试信息一样
     1>libcef_dll_wrapper.lib(frame_ctocpp.obj) : warning LNK4099: 未找到 PDB“vc120.pdb”(使用“libcef_dll_wrapper.lib(frame_ctocpp.obj)”或在“E:\Source\MFC\JovTool\x64\Debug\vc120.pdb”中寻找)；正在链接对象，如同没有调试信息一样
     1>libcef_dll_wrapper.lib(get_extension_resource_callback_ctocpp.obj) : warning LNK4099: 未找到 PDB“vc120.pdb”(使用“libcef_dll_wrapper.lib(get_extension_resource_callback_ctocpp.obj)”或在“E:\Source\MFC\JovTool\x64\Debug\vc120.pdb”中寻找)；正在链接对象，如同没有调试信息一样
     1>libcef_dll_wrapper.lib(image_ctocpp.obj) : warning LNK4099: 未找到 PDB“vc120.pdb”(使用“libcef_dll_wrapper.lib(image_ctocpp.obj)”或在“E:\Source\MFC\JovTool\x64\Debug\vc120.pdb”中寻找)；正在链接对象，如同没有调试信息一样
     1>libcef_dll_wrapper.lib(jsdialog_callback_ctocpp.obj) : warning LNK4099: 未找到 PDB“vc120.pdb”(使用“libcef_dll_wrapper.lib(jsdialog_callback_ctocpp.obj)”或在“E:\Source\MFC\JovTool\x64\Debug\vc120.pdb”中寻找)；正在链接对象，如同没有调试信息一样
     1>libcef_dll_wrapper.lib(list_value_ctocpp.obj) : warning LNK4099: 未找到 PDB“vc120.pdb”(使用“libcef_dll_wrapper.lib(list_value_ctocpp.obj)”或在“E:\Source\MFC\JovTool\x64\Debug\vc120.pdb”中寻找)；正在链接对象，如同没有调试信息一样
     1>libcef_dll_wrapper.lib(media_route_ctocpp.obj) : warning LNK4099: 未找到 PDB“vc120.pdb”(使用“libcef_dll_wrapper.lib(media_route_ctocpp.obj)”或在“E:\Source\MFC\JovTool\x64\Debug\vc120.pdb”中寻找)；正在链接对象，如同没有调试信息一样
     1>libcef_dll_wrapper.lib(media_router_ctocpp.obj) : warning LNK4099: 未找到 PDB“vc120.pdb”(使用“libcef_dll_wrapper.lib(media_router_ctocpp.obj)”或在“E:\Source\MFC\JovTool\x64\Debug\vc120.pdb”中寻找)；正在链接对象，如同没有调试信息一样
     1>libcef_dll_wrapper.lib(media_sink_ctocpp.obj) : warning LNK4099: 未找到 PDB“vc120.pdb”(使用“libcef_dll_wrapper.lib(media_sink_ctocpp.obj)”或在“E:\Source\MFC\JovTool\x64\Debug\vc120.pdb”中寻找)；正在链接对象，如同没有调试信息一样
     1>libcef_dll_wrapper.lib(media_source_ctocpp.obj) : warning LNK4099: 未找到 PDB“vc120.pdb”(使用“libcef_dll_wrapper.lib(media_source_ctocpp.obj)”或在“E:\Source\MFC\JovTool\x64\Debug\vc120.pdb”中寻找)；正在链接对象，如同没有调试信息一样
     1>libcef_dll_wrapper.lib(menu_model_ctocpp.obj) : warning LNK4099: 未找到 PDB“vc120.pdb”(使用“libcef_dll_wrapper.lib(menu_model_ctocpp.obj)”或在“E:\Source\MFC\JovTool\x64\Debug\vc120.pdb”中寻找)；正在链接对象，如同没有调试信息一样
     1>libcef_dll_wrapper.lib(navigation_entry_ctocpp.obj) : warning LNK4099: 未找到 PDB“vc120.pdb”(使用“libcef_dll_wrapper.lib(navigation_entry_ctocpp.obj)”或在“E:\Source\MFC\JovTool\x64\Debug\vc120.pdb”中寻找)；正在链接对象，如同没有调试信息一样
     1>libcef_dll_wrapper.lib(post_data_ctocpp.obj) : warning LNK4099: 未找到 PDB“vc120.pdb”(使用“libcef_dll_wrapper.lib(post_data_ctocpp.obj)”或在“E:\Source\MFC\JovTool\x64\Debug\vc120.pdb”中寻找)；正在链接对象，如同没有调试信息一样
     1>libcef_dll_wrapper.lib(post_data_element_ctocpp.obj) : warning LNK4099: 未找到 PDB“vc120.pdb”(使用“libcef_dll_wrapper.lib(post_data_element_ctocpp.obj)”或在“E:\Source\MFC\JovTool\x64\Debug\vc120.pdb”中寻找)；正在链接对象，如同没有调试信息一样
     1>libcef_dll_wrapper.lib(print_dialog_callback_ctocpp.obj) : warning LNK4099: 未找到 PDB“vc120.pdb”(使用“libcef_dll_wrapper.lib(print_dialog_callback_ctocpp.obj)”或在“E:\Source\MFC\JovTool\x64\Debug\vc120.pdb”中寻找)；正在链接对象，如同没有调试信息一样
     1>libcef_dll_wrapper.lib(print_job_callback_ctocpp.obj) : warning LNK4099: 未找到 PDB“vc120.pdb”(使用“libcef_dll_wrapper.lib(print_job_callback_ctocpp.obj)”或在“E:\Source\MFC\JovTool\x64\Debug\vc120.pdb”中寻找)；正在链接对象，如同没有调试信息一样
     1>libcef_dll_wrapper.lib(print_settings_ctocpp.obj) : warning LNK4099: 未找到 PDB“vc120.pdb”(使用“libcef_dll_wrapper.lib(print_settings_ctocpp.obj)”或在“E:\Source\MFC\JovTool\x64\Debug\vc120.pdb”中寻找)；正在链接对象，如同没有调试信息一样
     1>libcef_dll_wrapper.lib(process_message_ctocpp.obj) : warning LNK4099: 未找到 PDB“vc120.pdb”(使用“libcef_dll_wrapper.lib(process_message_ctocpp.obj)”或在“E:\Source\MFC\JovTool\x64\Debug\vc120.pdb”中寻找)；正在链接对象，如同没有调试信息一样
     1>libcef_dll_wrapper.lib(registration_ctocpp.obj) : warning LNK4099: 未找到 PDB“vc120.pdb”(使用“libcef_dll_wrapper.lib(registration_ctocpp.obj)”或在“E:\Source\MFC\JovTool\x64\Debug\vc120.pdb”中寻找)；正在链接对象，如同没有调试信息一样
     1>libcef_dll_wrapper.lib(request_callback_ctocpp.obj) : warning LNK4099: 未找到 PDB“vc120.pdb”(使用“libcef_dll_wrapper.lib(request_callback_ctocpp.obj)”或在“E:\Source\MFC\JovTool\x64\Debug\vc120.pdb”中寻找)；正在链接对象，如同没有调试信息一样
     1>libcef_dll_wrapper.lib(request_context_ctocpp.obj) : warning LNK4099: 未找到 PDB“vc120.pdb”(使用“libcef_dll_wrapper.lib(request_context_ctocpp.obj)”或在“E:\Source\MFC\JovTool\x64\Debug\vc120.pdb”中寻找)；正在链接对象，如同没有调试信息一样
     1>libcef_dll_wrapper.lib(request_ctocpp.obj) : warning LNK4099: 未找到 PDB“vc120.pdb”(使用“libcef_dll_wrapper.lib(request_ctocpp.obj)”或在“E:\Source\MFC\JovTool\x64\Debug\vc120.pdb”中寻找)；正在链接对象，如同没有调试信息一样
     1>libcef_dll_wrapper.lib(resource_read_callback_ctocpp.obj) : warning LNK4099: 未找到 PDB“vc120.pdb”(使用“libcef_dll_wrapper.lib(resource_read_callback_ctocpp.obj)”或在“E:\Source\MFC\JovTool\x64\Debug\vc120.pdb”中寻找)；正在链接对象，如同没有调试信息一样
     1>libcef_dll_wrapper.lib(resource_skip_callback_ctocpp.obj) : warning LNK4099: 未找到 PDB“vc120.pdb”(使用“libcef_dll_wrapper.lib(resource_skip_callback_ctocpp.obj)”或在“E:\Source\MFC\JovTool\x64\Debug\vc120.pdb”中寻找)；正在链接对象，如同没有调试信息一样
     1>libcef_dll_wrapper.lib(response_ctocpp.obj) : warning LNK4099: 未找到 PDB“vc120.pdb”(使用“libcef_dll_wrapper.lib(response_ctocpp.obj)”或在“E:\Source\MFC\JovTool\x64\Debug\vc120.pdb”中寻找)；正在链接对象，如同没有调试信息一样
     1>libcef_dll_wrapper.lib(run_context_menu_callback_ctocpp.obj) : warning LNK4099: 未找到 PDB“vc120.pdb”(使用“libcef_dll_wrapper.lib(run_context_menu_callback_ctocpp.obj)”或在“E:\Source\MFC\JovTool\x64\Debug\vc120.pdb”中寻找)；正在链接对象，如同没有调试信息一样
     1>libcef_dll_wrapper.lib(scheme_registrar_ctocpp.obj) : warning LNK4099: 未找到 PDB“vc120.pdb”(使用“libcef_dll_wrapper.lib(scheme_registrar_ctocpp.obj)”或在“E:\Source\MFC\JovTool\x64\Debug\vc120.pdb”中寻找)；正在链接对象，如同没有调试信息一样
     1>libcef_dll_wrapper.lib(select_client_certificate_callback_ctocpp.obj) : warning LNK4099: 未找到 PDB“vc120.pdb”(使用“libcef_dll_wrapper.lib(select_client_certificate_callback_ctocpp.obj)”或在“E:\Source\MFC\JovTool\x64\Debug\vc120.pdb”中寻找)；正在链接对象，如同没有调试信息一样
     1>libcef_dll_wrapper.lib(sslinfo_ctocpp.obj) : warning LNK4099: 未找到 PDB“vc120.pdb”(使用“libcef_dll_wrapper.lib(sslinfo_ctocpp.obj)”或在“E:\Source\MFC\JovTool\x64\Debug\vc120.pdb”中寻找)；正在链接对象，如同没有调试信息一样
     1>libcef_dll_wrapper.lib(sslstatus_ctocpp.obj) : warning LNK4099: 未找到 PDB“vc120.pdb”(使用“libcef_dll_wrapper.lib(sslstatus_ctocpp.obj)”或在“E:\Source\MFC\JovTool\x64\Debug\vc120.pdb”中寻找)；正在链接对象，如同没有调试信息一样
     1>libcef_dll_wrapper.lib(stream_reader_ctocpp.obj) : warning LNK4099: 未找到 PDB“vc120.pdb”(使用“libcef_dll_wrapper.lib(stream_reader_ctocpp.obj)”或在“E:\Source\MFC\JovTool\x64\Debug\vc120.pdb”中寻找)；正在链接对象，如同没有调试信息一样
     1>libcef_dll_wrapper.lib(stream_writer_ctocpp.obj) : warning LNK4099: 未找到 PDB“vc120.pdb”(使用“libcef_dll_wrapper.lib(stream_writer_ctocpp.obj)”或在“E:\Source\MFC\JovTool\x64\Debug\vc120.pdb”中寻找)；正在链接对象，如同没有调试信息一样
     1>libcef_dll_wrapper.lib(task_runner_ctocpp.obj) : warning LNK4099: 未找到 PDB“vc120.pdb”(使用“libcef_dll_wrapper.lib(task_runner_ctocpp.obj)”或在“E:\Source\MFC\JovTool\x64\Debug\vc120.pdb”中寻找)；正在链接对象，如同没有调试信息一样
     1>libcef_dll_wrapper.lib(urlrequest_ctocpp.obj) : warning LNK4099: 未找到 PDB“vc120.pdb”(使用“libcef_dll_wrapper.lib(urlrequest_ctocpp.obj)”或在“E:\Source\MFC\JovTool\x64\Debug\vc120.pdb”中寻找)；正在链接对象，如同没有调试信息一样
     1>libcef_dll_wrapper.lib(v8context_ctocpp.obj) : warning LNK4099: 未找到 PDB“vc120.pdb”(使用“libcef_dll_wrapper.lib(v8context_ctocpp.obj)”或在“E:\Source\MFC\JovTool\x64\Debug\vc120.pdb”中寻找)；正在链接对象，如同没有调试信息一样
     1>libcef_dll_wrapper.lib(v8exception_ctocpp.obj) : warning LNK4099: 未找到 PDB“vc120.pdb”(使用“libcef_dll_wrapper.lib(v8exception_ctocpp.obj)”或在“E:\Source\MFC\JovTool\x64\Debug\vc120.pdb”中寻找)；正在链接对象，如同没有调试信息一样
     1>libcef_dll_wrapper.lib(v8stack_frame_ctocpp.obj) : warning LNK4099: 未找到 PDB“vc120.pdb”(使用“libcef_dll_wrapper.lib(v8stack_frame_ctocpp.obj)”或在“E:\Source\MFC\JovTool\x64\Debug\vc120.pdb”中寻找)；正在链接对象，如同没有调试信息一样
     1>libcef_dll_wrapper.lib(v8stack_trace_ctocpp.obj) : warning LNK4099: 未找到 PDB“vc120.pdb”(使用“libcef_dll_wrapper.lib(v8stack_trace_ctocpp.obj)”或在“E:\Source\MFC\JovTool\x64\Debug\vc120.pdb”中寻找)；正在链接对象，如同没有调试信息一样
     1>libcef_dll_wrapper.lib(v8value_ctocpp.obj) : warning LNK4099: 未找到 PDB“vc120.pdb”(使用“libcef_dll_wrapper.lib(v8value_ctocpp.obj)”或在“E:\Source\MFC\JovTool\x64\Debug\vc120.pdb”中寻找)；正在链接对象，如同没有调试信息一样
     1>libcef_dll_wrapper.lib(value_ctocpp.obj) : warning LNK4099: 未找到 PDB“vc120.pdb”(使用“libcef_dll_wrapper.lib(value_ctocpp.obj)”或在“E:\Source\MFC\JovTool\x64\Debug\vc120.pdb”中寻找)；正在链接对象，如同没有调试信息一样
     1>libcef_dll_wrapper.lib(web_plugin_info_ctocpp.obj) : warning LNK4099: 未找到 PDB“vc120.pdb”(使用“libcef_dll_wrapper.lib(web_plugin_info_ctocpp.obj)”或在“E:\Source\MFC\JovTool\x64\Debug\vc120.pdb”中寻找)；正在链接对象，如同没有调试信息一样
     1>libcef_dll_wrapper.lib(x509cert_principal_ctocpp.obj) : warning LNK4099: 未找到 PDB“vc120.pdb”(使用“libcef_dll_wrapper.lib(x509cert_principal_ctocpp.obj)”或在“E:\Source\MFC\JovTool\x64\Debug\vc120.pdb”中寻找)；正在链接对象，如同没有调试信息一样
     1>libcef_dll_wrapper.lib(x509certificate_ctocpp.obj) : warning LNK4099: 未找到 PDB“vc120.pdb”(使用“libcef_dll_wrapper.lib(x509certificate_ctocpp.obj)”或在“E:\Source\MFC\JovTool\x64\Debug\vc120.pdb”中寻找)；正在链接对象，如同没有调试信息一样
     1>libcef_dll_wrapper.lib(box_layout_ctocpp.obj) : warning LNK4099: 未找到 PDB“vc120.pdb”(使用“libcef_dll_wrapper.lib(box_layout_ctocpp.obj)”或在“E:\Source\MFC\JovTool\x64\Debug\vc120.pdb”中寻找)；正在链接对象，如同没有调试信息一样
     1>libcef_dll_wrapper.lib(browser_view_ctocpp.obj) : warning LNK4099: 未找到 PDB“vc120.pdb”(使用“libcef_dll_wrapper.lib(browser_view_ctocpp.obj)”或在“E:\Source\MFC\JovTool\x64\Debug\vc120.pdb”中寻找)；正在链接对象，如同没有调试信息一样
     1>libcef_dll_wrapper.lib(button_ctocpp.obj) : warning LNK4099: 未找到 PDB“vc120.pdb”(使用“libcef_dll_wrapper.lib(button_ctocpp.obj)”或在“E:\Source\MFC\JovTool\x64\Debug\vc120.pdb”中寻找)；正在链接对象，如同没有调试信息一样
     1>libcef_dll_wrapper.lib(display_ctocpp.obj) : warning LNK4099: 未找到 PDB“vc120.pdb”(使用“libcef_dll_wrapper.lib(display_ctocpp.obj)”或在“E:\Source\MFC\JovTool\x64\Debug\vc120.pdb”中寻找)；正在链接对象，如同没有调试信息一样
     1>libcef_dll_wrapper.lib(fill_layout_ctocpp.obj) : warning LNK4099: 未找到 PDB“vc120.pdb”(使用“libcef_dll_wrapper.lib(fill_layout_ctocpp.obj)”或在“E:\Source\MFC\JovTool\x64\Debug\vc120.pdb”中寻找)；正在链接对象，如同没有调试信息一样
     1>libcef_dll_wrapper.lib(label_button_ctocpp.obj) : warning LNK4099: 未找到 PDB“vc120.pdb”(使用“libcef_dll_wrapper.lib(label_button_ctocpp.obj)”或在“E:\Source\MFC\JovTool\x64\Debug\vc120.pdb”中寻找)；正在链接对象，如同没有调试信息一样
     1>libcef_dll_wrapper.lib(layout_ctocpp.obj) : warning LNK4099: 未找到 PDB“vc120.pdb”(使用“libcef_dll_wrapper.lib(layout_ctocpp.obj)”或在“E:\Source\MFC\JovTool\x64\Debug\vc120.pdb”中寻找)；正在链接对象，如同没有调试信息一样
     1>libcef_dll_wrapper.lib(menu_button_ctocpp.obj) : warning LNK4099: 未找到 PDB“vc120.pdb”(使用“libcef_dll_wrapper.lib(menu_button_ctocpp.obj)”或在“E:\Source\MFC\JovTool\x64\Debug\vc120.pdb”中寻找)；正在链接对象，如同没有调试信息一样
     1>libcef_dll_wrapper.lib(menu_button_pressed_lock_ctocpp.obj) : warning LNK4099: 未找到 PDB“vc120.pdb”(使用“libcef_dll_wrapper.lib(menu_button_pressed_lock_ctocpp.obj)”或在“E:\Source\MFC\JovTool\x64\Debug\vc120.pdb”中寻找)；正在链接对象，如同没有调试信息一样
     1>libcef_dll_wrapper.lib(panel_ctocpp.obj) : warning LNK4099: 未找到 PDB“vc120.pdb”(使用“libcef_dll_wrapper.lib(panel_ctocpp.obj)”或在“E:\Source\MFC\JovTool\x64\Debug\vc120.pdb”中寻找)；正在链接对象，如同没有调试信息一样
     1>libcef_dll_wrapper.lib(scroll_view_ctocpp.obj) : warning LNK4099: 未找到 PDB“vc120.pdb”(使用“libcef_dll_wrapper.lib(scroll_view_ctocpp.obj)”或在“E:\Source\MFC\JovTool\x64\Debug\vc120.pdb”中寻找)；正在链接对象，如同没有调试信息一样
     1>libcef_dll_wrapper.lib(textfield_ctocpp.obj) : warning LNK4099: 未找到 PDB“vc120.pdb”(使用“libcef_dll_wrapper.lib(textfield_ctocpp.obj)”或在“E:\Source\MFC\JovTool\x64\Debug\vc120.pdb”中寻找)；正在链接对象，如同没有调试信息一样
     1>libcef_dll_wrapper.lib(view_ctocpp.obj) : warning LNK4099: 未找到 PDB“vc120.pdb”(使用“libcef_dll_wrapper.lib(view_ctocpp.obj)”或在“E:\Source\MFC\JovTool\x64\Debug\vc120.pdb”中寻找)；正在链接对象，如同没有调试信息一样
     1>libcef_dll_wrapper.lib(window_ctocpp.obj) : warning LNK4099: 未找到 PDB“vc120.pdb”(使用“libcef_dll_wrapper.lib(window_ctocpp.obj)”或在“E:\Source\MFC\JovTool\x64\Debug\vc120.pdb”中寻找)；正在链接对象，如同没有调试信息一样
     1>libcef_dll_wrapper.lib(cef_closure_task.obj) : warning LNK4099: 未找到 PDB“vc120.pdb”(使用“libcef_dll_wrapper.lib(cef_closure_task.obj)”或在“E:\Source\MFC\JovTool\x64\Debug\vc120.pdb”中寻找)；正在链接对象，如同没有调试信息一样
     1>libcef_dll_wrapper.lib(libcef_dll_wrapper.obj) : warning LNK4099: 未找到 PDB“vc120.pdb”(使用“libcef_dll_wrapper.lib(libcef_dll_wrapper.obj)”或在“E:\Source\MFC\JovTool\x64\Debug\vc120.pdb”中寻找)；正在链接对象，如同没有调试信息一样
         JovTool.vcxproj -> E:\Source\MFC\JovTool\x64\Debug\JovTool.exe
     1>已完成生成项目“E:\Source\MFC\JovTool\JovTool\JovTool.vcxproj”(Build 个目标)的操作。

生成成功。

已用时间 00:00:50.11
