e:\source\mfc\jovtool\jovtool\release\jovtool.pch
e:\source\mfc\jovtool\jovtool\release\vc120.pdb
e:\source\mfc\jovtool\jovtool\release\stdafx.obj
e:\source\mfc\jovtool\jovtool\release\webhandler.obj
e:\source\mfc\jovtool\jovtool\release\templetweb.obj
e:\source\mfc\jovtool\jovtool\release\surf.obj
e:\source\mfc\jovtool\jovtool\release\sockethandle.obj
e:\source\mfc\jovtool\jovtool\release\jovtooldlg.obj
e:\source\mfc\jovtool\jovtool\release\jovtool.obj
e:\source\mfc\jovtool\jovtool\release\httpclient.obj
e:\source\mfc\jovtool\jovtool\release\catchpack.obj
e:\source\mfc\jovtool\jovtool\release\utilities.obj
e:\source\mfc\jovtool\jovtool\release\tinyxmlparser.obj
e:\source\mfc\jovtool\jovtool\release\tinyxmlerror.obj
e:\source\mfc\jovtool\jovtool\release\tinyxml.obj
e:\source\mfc\jovtool\jovtool\release\tinystr.obj
e:\source\mfc\jovtool\jovtool\release\thread.obj
e:\source\mfc\jovtool\jovtool\release\pub.obj
e:\source\mfc\jovtool\jovtool\release\md5.obj
e:\source\mfc\jovtool\jovtool\release\markup.obj
e:\source\mfc\jovtool\jovtool\release\encode.obj
e:\source\mfc\jovtool\release\jovtool.exe
e:\source\mfc\jovtool\release\jovtool.pdb
e:\source\mfc\jovtool\jovtool\release\jovtool.res
e:\source\mfc\jovtool\jovtool\release\jovtool.tlog\cl.command.1.tlog
e:\source\mfc\jovtool\jovtool\release\jovtool.tlog\cl.read.1.tlog
e:\source\mfc\jovtool\jovtool\release\jovtool.tlog\cl.write.1.tlog
e:\source\mfc\jovtool\jovtool\release\jovtool.tlog\link.command.1.tlog
e:\source\mfc\jovtool\jovtool\release\jovtool.tlog\link.read.1.tlog
e:\source\mfc\jovtool\jovtool\release\jovtool.tlog\link.write.1.tlog
e:\source\mfc\jovtool\jovtool\release\jovtool.tlog\rc.command.1.tlog
e:\source\mfc\jovtool\jovtool\release\jovtool.tlog\rc.read.1.tlog
e:\source\mfc\jovtool\jovtool\release\jovtool.tlog\rc.write.1.tlog
