生成启动时间为 2022-04-22 14:34:08。
     1>项目“E:\Source\MFC\JovTool\JovTool\JovTool.vcxproj”在节点 2 上(Rebuild 个目标)。
     1>ClCompile:
         C:\Program Files (x86)\Microsoft Visual Studio 12.0\VC\bin\CL.exe /c /I../Public/Include /IE:\Source\MFC\JovTool\CEF\Win32\ /Zi /nologo /W3 /WX- /O2 /Oi /Oy- /GL /D WIN32 /D _WINDOWS /D NDEBUG /D WPCAP /D HAVE_REMOTE /D _UNICODE /D UNICODE /Gm- /EHsc /MT /GS /Gy /fp:precise /Zc:wchar_t /Zc:forScope /Yc"stdafx.h" /Fp"Release\JovTool.pch" /Fo"Release\\" /Fd"Release\vc120.pdb" /Gd /TP /analyze- /errorReport:prompt stdafx.cpp
         stdafx.cpp
         C:\Program Files (x86)\Microsoft Visual Studio 12.0\VC\bin\CL.exe /c /I../Public/Include /IE:\Source\MFC\JovTool\CEF\Win32\ /Zi /nologo /W3 /WX- /O2 /Oi /Oy- /GL /D WIN32 /D _WINDOWS /D NDEBUG /D WPCAP /D HAVE_REMOTE /D _UNICODE /D UNICODE /Gm- /EHsc /MT /GS /Gy /fp:precise /Zc:wchar_t /Zc:forScope /Yu"stdafx.h" /Fp"Release\JovTool.pch" /Fo"Release\\" /Fd"Release\vc120.pdb" /Gd /TP /analyze- /errorReport:prompt ..\Public\Src\encode.cpp ..\Public\Src\Markup.cpp ..\Public\Src\md5.cpp ..\Public\Src\Pub.cpp ..\Public\Src\Thread.cpp ..\Public\Src\tinystr.cpp ..\Public\Src\tinyxml.cpp ..\Public\Src\tinyxmlerror.cpp ..\Public\Src\tinyxmlparser.cpp ..\Public\Src\utilities.cpp CatchPack.cpp HttpClient.cpp JovTool.cpp JovToolDlg.cpp SocketHandle.cpp surf.cpp TempletWeb.cpp webHandler.cpp
         encode.cpp
         Markup.cpp
         md5.cpp
         Pub.cpp
         Thread.cpp
         tinystr.cpp
         tinyxml.cpp
         tinyxmlerror.cpp
         tinyxmlparser.cpp
         utilities.cpp
     1>e:\source\mfc\jovtool\public\include\Protocol.h(17): warning C4091: “typedef ”: 没有声明变量时忽略“ethhdr”的左侧
     1>e:\source\mfc\jovtool\public\include\Protocol.h(31): warning C4091: “typedef ”: 没有声明变量时忽略“arphdr”的左侧
     1>e:\source\mfc\jovtool\public\include\Protocol.h(53): warning C4091: “typedef ”: 没有声明变量时忽略“iphdr”的左侧
     1>e:\source\mfc\jovtool\public\include\Protocol.h(105): warning C4091: “typedef ”: 没有声明变量时忽略“tcphdr”的左侧
     1>e:\source\mfc\jovtool\public\include\Protocol.h(128): warning C4091: “typedef ”: 没有声明变量时忽略“udphdr”的左侧
     1>e:\source\mfc\jovtool\public\include\Protocol.h(137): warning C4091: “typedef ”: 没有声明变量时忽略“icmphdr”的左侧
     1>e:\source\mfc\jovtool\public\include\Protocol.h(156): warning C4091: “typedef ”: 没有声明变量时忽略“iphdr6”的左侧
     1>e:\source\mfc\jovtool\public\include\Protocol.h(168): warning C4091: “typedef ”: 没有声明变量时忽略“icmphdr6”的左侧
     1>e:\source\mfc\jovtool\public\include\Protocol.h(183): warning C4091: “typedef ”: 没有声明变量时忽略“pktcount”的左侧
     1>e:\source\mfc\jovtool\public\include\Protocol.h(205): warning C4091: “typedef ”: 没有声明变量时忽略“datapkt”的左侧
     1>..\Public\Src\utilities.cpp(118): warning C4101: “i”: 未引用的局部变量
     1>..\Public\Src\utilities.cpp(319): warning C4101: “p”: 未引用的局部变量
         CatchPack.cpp
     1>E:\Source\MFC\JovTool\Public\Include\Protocol.h(17): warning C4091: “typedef ”: 没有声明变量时忽略“ethhdr”的左侧
     1>E:\Source\MFC\JovTool\Public\Include\Protocol.h(31): warning C4091: “typedef ”: 没有声明变量时忽略“arphdr”的左侧
     1>E:\Source\MFC\JovTool\Public\Include\Protocol.h(53): warning C4091: “typedef ”: 没有声明变量时忽略“iphdr”的左侧
     1>E:\Source\MFC\JovTool\Public\Include\Protocol.h(105): warning C4091: “typedef ”: 没有声明变量时忽略“tcphdr”的左侧
     1>E:\Source\MFC\JovTool\Public\Include\Protocol.h(128): warning C4091: “typedef ”: 没有声明变量时忽略“udphdr”的左侧
     1>E:\Source\MFC\JovTool\Public\Include\Protocol.h(137): warning C4091: “typedef ”: 没有声明变量时忽略“icmphdr”的左侧
     1>E:\Source\MFC\JovTool\Public\Include\Protocol.h(156): warning C4091: “typedef ”: 没有声明变量时忽略“iphdr6”的左侧
     1>E:\Source\MFC\JovTool\Public\Include\Protocol.h(168): warning C4091: “typedef ”: 没有声明变量时忽略“icmphdr6”的左侧
     1>E:\Source\MFC\JovTool\Public\Include\Protocol.h(183): warning C4091: “typedef ”: 没有声明变量时忽略“pktcount”的左侧
     1>E:\Source\MFC\JovTool\Public\Include\Protocol.h(205): warning C4091: “typedef ”: 没有声明变量时忽略“datapkt”的左侧
     1>CatchPack.cpp(318): warning C4244: “=”: 从“wchar_t”转换到“char”，可能丢失数据
         HttpClient.cpp
     1>HttpClient.cpp(118): warning C4101: “dwFlags”: 未引用的局部变量
         JovTool.cpp
     1>E:\Source\MFC\JovTool\Public\Include\Protocol.h(17): warning C4091: “typedef ”: 没有声明变量时忽略“ethhdr”的左侧
     1>E:\Source\MFC\JovTool\Public\Include\Protocol.h(31): warning C4091: “typedef ”: 没有声明变量时忽略“arphdr”的左侧
     1>E:\Source\MFC\JovTool\Public\Include\Protocol.h(53): warning C4091: “typedef ”: 没有声明变量时忽略“iphdr”的左侧
     1>E:\Source\MFC\JovTool\Public\Include\Protocol.h(105): warning C4091: “typedef ”: 没有声明变量时忽略“tcphdr”的左侧
     1>E:\Source\MFC\JovTool\Public\Include\Protocol.h(128): warning C4091: “typedef ”: 没有声明变量时忽略“udphdr”的左侧
     1>E:\Source\MFC\JovTool\Public\Include\Protocol.h(137): warning C4091: “typedef ”: 没有声明变量时忽略“icmphdr”的左侧
     1>E:\Source\MFC\JovTool\Public\Include\Protocol.h(156): warning C4091: “typedef ”: 没有声明变量时忽略“iphdr6”的左侧
     1>E:\Source\MFC\JovTool\Public\Include\Protocol.h(168): warning C4091: “typedef ”: 没有声明变量时忽略“icmphdr6”的左侧
     1>E:\Source\MFC\JovTool\Public\Include\Protocol.h(183): warning C4091: “typedef ”: 没有声明变量时忽略“pktcount”的左侧
     1>E:\Source\MFC\JovTool\Public\Include\Protocol.h(205): warning C4091: “typedef ”: 没有声明变量时忽略“datapkt”的左侧
         JovToolDlg.cpp
     1>E:\Source\MFC\JovTool\Public\Include\Protocol.h(17): warning C4091: “typedef ”: 没有声明变量时忽略“ethhdr”的左侧
     1>E:\Source\MFC\JovTool\Public\Include\Protocol.h(31): warning C4091: “typedef ”: 没有声明变量时忽略“arphdr”的左侧
     1>E:\Source\MFC\JovTool\Public\Include\Protocol.h(53): warning C4091: “typedef ”: 没有声明变量时忽略“iphdr”的左侧
     1>E:\Source\MFC\JovTool\Public\Include\Protocol.h(105): warning C4091: “typedef ”: 没有声明变量时忽略“tcphdr”的左侧
     1>E:\Source\MFC\JovTool\Public\Include\Protocol.h(128): warning C4091: “typedef ”: 没有声明变量时忽略“udphdr”的左侧
     1>E:\Source\MFC\JovTool\Public\Include\Protocol.h(137): warning C4091: “typedef ”: 没有声明变量时忽略“icmphdr”的左侧
     1>E:\Source\MFC\JovTool\Public\Include\Protocol.h(156): warning C4091: “typedef ”: 没有声明变量时忽略“iphdr6”的左侧
     1>E:\Source\MFC\JovTool\Public\Include\Protocol.h(168): warning C4091: “typedef ”: 没有声明变量时忽略“icmphdr6”的左侧
     1>E:\Source\MFC\JovTool\Public\Include\Protocol.h(183): warning C4091: “typedef ”: 没有声明变量时忽略“pktcount”的左侧
     1>E:\Source\MFC\JovTool\Public\Include\Protocol.h(205): warning C4091: “typedef ”: 没有声明变量时忽略“datapkt”的左侧
     1>JovToolDlg.cpp(928): warning C4244: “初始化”: 从“ULONGLONG”转换到“int”，可能丢失数据
     1>JovToolDlg.cpp(985): warning C4018: “<”: 有符号/无符号不匹配
     1>JovToolDlg.cpp(1026): warning C4018: “<”: 有符号/无符号不匹配
     1>JovToolDlg.cpp(1086): warning C4553: “==”: 运算符不起任何作用；是否是有意使用“=”的?
     1>JovToolDlg.cpp(1105): warning C4018: “<”: 有符号/无符号不匹配
     1>JovToolDlg.cpp(1117): warning C4018: “<”: 有符号/无符号不匹配
         SocketHandle.cpp
         surf.cpp
         TempletWeb.cpp
         webHandler.cpp
       ResourceCompile:
         C:\Program Files (x86)\Windows Kits\8.1\bin\x86\rc.exe /D NDEBUG /D _UNICODE /D UNICODE /l"0x0409" /IRelease\ /nologo /fo"Release\JovTool.res" JovTool.rc 
       Link:
         C:\Program Files (x86)\Microsoft Visual Studio 12.0\VC\bin\link.exe /ERRORREPORT:PROMPT /OUT:"E:\Source\MFC\JovTool\Release\JovTool.exe" /INCREMENTAL:NO /NOLOGO /LIBPATH:..\Lib\ /LIBPATH:E:\Source\MFC\JovTool\CEF\Win32\Release libcef.lib libcef_dll_wrapper.lib zlib.lib wpcap.lib ws2_32.lib /MANIFEST /MANIFESTUAC:"level='asInvoker' uiAccess='false'" /manifest:embed /manifestinput:"C:\Program Files (x86)\Microsoft Visual Studio 12.0\VC\Include\Manifest\dpiaware.manifest" /DEBUG /PDB:"E:\Source\MFC\JovTool\Release\JovTool.pdb" /SUBSYSTEM:WINDOWS /STACK:"16000000","16000000" /OPT:REF /OPT:ICF /LTCG /TLBID:1 /ENTRY:"wWinMainCRTStartup" /DYNAMICBASE /NXCOMPAT /IMPLIB:"E:\Source\MFC\JovTool\Release\JovTool.lib" /MACHINE:X86 /SAFESEH Release\JovTool.res
         Release\encode.obj
         Release\Markup.obj
         Release\md5.obj
         Release\Pub.obj
         Release\Thread.obj
         Release\tinystr.obj
         Release\tinyxml.obj
         Release\tinyxmlerror.obj
         Release\tinyxmlparser.obj
         Release\utilities.obj
         Release\CatchPack.obj
         Release\HttpClient.obj
         Release\JovTool.obj
         Release\JovToolDlg.obj
         Release\SocketHandle.obj
         Release\stdafx.obj
         Release\surf.obj
         Release\TempletWeb.obj
         Release\webHandler.obj
         正在生成代码
         已完成代码的生成
     1>libcef_dll_wrapper.lib(transfer_util.obj) : warning LNK4099: 未找到 PDB“vc120.pdb”(使用“libcef_dll_wrapper.lib(transfer_util.obj)”或在“E:\Source\MFC\JovTool\Release\vc120.pdb”中寻找)；正在链接对象，如同没有调试信息一样
     1>libcef_dll_wrapper.lib(cef_callback_internal.obj) : warning LNK4099: 未找到 PDB“vc120.pdb”(使用“libcef_dll_wrapper.lib(cef_callback_internal.obj)”或在“E:\Source\MFC\JovTool\Release\vc120.pdb”中寻找)；正在链接对象，如同没有调试信息一样
     1>libcef_dll_wrapper.lib(cef_lock_impl.obj) : warning LNK4099: 未找到 PDB“vc120.pdb”(使用“libcef_dll_wrapper.lib(cef_lock_impl.obj)”或在“E:\Source\MFC\JovTool\Release\vc120.pdb”中寻找)；正在链接对象，如同没有调试信息一样
     1>libcef_dll_wrapper.lib(cef_logging.obj) : warning LNK4099: 未找到 PDB“vc120.pdb”(使用“libcef_dll_wrapper.lib(cef_logging.obj)”或在“E:\Source\MFC\JovTool\Release\vc120.pdb”中寻找)；正在链接对象，如同没有调试信息一样
     1>libcef_dll_wrapper.lib(app_cpptoc.obj) : warning LNK4099: 未找到 PDB“vc120.pdb”(使用“libcef_dll_wrapper.lib(app_cpptoc.obj)”或在“E:\Source\MFC\JovTool\Release\vc120.pdb”中寻找)；正在链接对象，如同没有调试信息一样
     1>libcef_dll_wrapper.lib(base_cpptoc.obj) : warning LNK4099: 未找到 PDB“vc120.pdb”(使用“libcef_dll_wrapper.lib(base_cpptoc.obj)”或在“E:\Source\MFC\JovTool\Release\vc120.pdb”中寻找)；正在链接对象，如同没有调试信息一样
     1>libcef_dll_wrapper.lib(browser_process_handler_cpptoc.obj) : warning LNK4099: 未找到 PDB“vc120.pdb”(使用“libcef_dll_wrapper.lib(browser_process_handler_cpptoc.obj)”或在“E:\Source\MFC\JovTool\Release\vc120.pdb”中寻找)；正在链接对象，如同没有调试信息一样
     1>libcef_dll_wrapper.lib(client_cpptoc.obj) : warning LNK4099: 未找到 PDB“vc120.pdb”(使用“libcef_dll_wrapper.lib(client_cpptoc.obj)”或在“E:\Source\MFC\JovTool\Release\vc120.pdb”中寻找)；正在链接对象，如同没有调试信息一样
     1>libcef_dll_wrapper.lib(completion_callback_cpptoc.obj) : warning LNK4099: 未找到 PDB“vc120.pdb”(使用“libcef_dll_wrapper.lib(completion_callback_cpptoc.obj)”或在“E:\Source\MFC\JovTool\Release\vc120.pdb”中寻找)；正在链接对象，如同没有调试信息一样
     1>libcef_dll_wrapper.lib(context_menu_handler_cpptoc.obj) : warning LNK4099: 未找到 PDB“vc120.pdb”(使用“libcef_dll_wrapper.lib(context_menu_handler_cpptoc.obj)”或在“E:\Source\MFC\JovTool\Release\vc120.pdb”中寻找)；正在链接对象，如同没有调试信息一样
     1>libcef_dll_wrapper.lib(cookie_visitor_cpptoc.obj) : warning LNK4099: 未找到 PDB“vc120.pdb”(使用“libcef_dll_wrapper.lib(cookie_visitor_cpptoc.obj)”或在“E:\Source\MFC\JovTool\Release\vc120.pdb”中寻找)；正在链接对象，如同没有调试信息一样
     1>libcef_dll_wrapper.lib(delete_cookies_callback_cpptoc.obj) : warning LNK4099: 未找到 PDB“vc120.pdb”(使用“libcef_dll_wrapper.lib(delete_cookies_callback_cpptoc.obj)”或在“E:\Source\MFC\JovTool\Release\vc120.pdb”中寻找)；正在链接对象，如同没有调试信息一样
     1>libcef_dll_wrapper.lib(dialog_handler_cpptoc.obj) : warning LNK4099: 未找到 PDB“vc120.pdb”(使用“libcef_dll_wrapper.lib(dialog_handler_cpptoc.obj)”或在“E:\Source\MFC\JovTool\Release\vc120.pdb”中寻找)；正在链接对象，如同没有调试信息一样
     1>libcef_dll_wrapper.lib(display_handler_cpptoc.obj) : warning LNK4099: 未找到 PDB“vc120.pdb”(使用“libcef_dll_wrapper.lib(display_handler_cpptoc.obj)”或在“E:\Source\MFC\JovTool\Release\vc120.pdb”中寻找)；正在链接对象，如同没有调试信息一样
     1>libcef_dll_wrapper.lib(domvisitor_cpptoc.obj) : warning LNK4099: 未找到 PDB“vc120.pdb”(使用“libcef_dll_wrapper.lib(domvisitor_cpptoc.obj)”或在“E:\Source\MFC\JovTool\Release\vc120.pdb”中寻找)；正在链接对象，如同没有调试信息一样
     1>libcef_dll_wrapper.lib(download_handler_cpptoc.obj) : warning LNK4099: 未找到 PDB“vc120.pdb”(使用“libcef_dll_wrapper.lib(download_handler_cpptoc.obj)”或在“E:\Source\MFC\JovTool\Release\vc120.pdb”中寻找)；正在链接对象，如同没有调试信息一样
     1>libcef_dll_wrapper.lib(drag_handler_cpptoc.obj) : warning LNK4099: 未找到 PDB“vc120.pdb”(使用“libcef_dll_wrapper.lib(drag_handler_cpptoc.obj)”或在“E:\Source\MFC\JovTool\Release\vc120.pdb”中寻找)；正在链接对象，如同没有调试信息一样
     1>libcef_dll_wrapper.lib(end_tracing_callback_cpptoc.obj) : warning LNK4099: 未找到 PDB“vc120.pdb”(使用“libcef_dll_wrapper.lib(end_tracing_callback_cpptoc.obj)”或在“E:\Source\MFC\JovTool\Release\vc120.pdb”中寻找)；正在链接对象，如同没有调试信息一样
     1>libcef_dll_wrapper.lib(find_handler_cpptoc.obj) : warning LNK4099: 未找到 PDB“vc120.pdb”(使用“libcef_dll_wrapper.lib(find_handler_cpptoc.obj)”或在“E:\Source\MFC\JovTool\Release\vc120.pdb”中寻找)；正在链接对象，如同没有调试信息一样
     1>libcef_dll_wrapper.lib(focus_handler_cpptoc.obj) : warning LNK4099: 未找到 PDB“vc120.pdb”(使用“libcef_dll_wrapper.lib(focus_handler_cpptoc.obj)”或在“E:\Source\MFC\JovTool\Release\vc120.pdb”中寻找)；正在链接对象，如同没有调试信息一样
     1>libcef_dll_wrapper.lib(geolocation_handler_cpptoc.obj) : warning LNK4099: 未找到 PDB“vc120.pdb”(使用“libcef_dll_wrapper.lib(geolocation_handler_cpptoc.obj)”或在“E:\Source\MFC\JovTool\Release\vc120.pdb”中寻找)；正在链接对象，如同没有调试信息一样
     1>libcef_dll_wrapper.lib(get_geolocation_callback_cpptoc.obj) : warning LNK4099: 未找到 PDB“vc120.pdb”(使用“libcef_dll_wrapper.lib(get_geolocation_callback_cpptoc.obj)”或在“E:\Source\MFC\JovTool\Release\vc120.pdb”中寻找)；正在链接对象，如同没有调试信息一样
     1>libcef_dll_wrapper.lib(jsdialog_handler_cpptoc.obj) : warning LNK4099: 未找到 PDB“vc120.pdb”(使用“libcef_dll_wrapper.lib(jsdialog_handler_cpptoc.obj)”或在“E:\Source\MFC\JovTool\Release\vc120.pdb”中寻找)；正在链接对象，如同没有调试信息一样
     1>libcef_dll_wrapper.lib(keyboard_handler_cpptoc.obj) : warning LNK4099: 未找到 PDB“vc120.pdb”(使用“libcef_dll_wrapper.lib(keyboard_handler_cpptoc.obj)”或在“E:\Source\MFC\JovTool\Release\vc120.pdb”中寻找)；正在链接对象，如同没有调试信息一样
     1>libcef_dll_wrapper.lib(life_span_handler_cpptoc.obj) : warning LNK4099: 未找到 PDB“vc120.pdb”(使用“libcef_dll_wrapper.lib(life_span_handler_cpptoc.obj)”或在“E:\Source\MFC\JovTool\Release\vc120.pdb”中寻找)；正在链接对象，如同没有调试信息一样
     1>libcef_dll_wrapper.lib(load_handler_cpptoc.obj) : warning LNK4099: 未找到 PDB“vc120.pdb”(使用“libcef_dll_wrapper.lib(load_handler_cpptoc.obj)”或在“E:\Source\MFC\JovTool\Release\vc120.pdb”中寻找)；正在链接对象，如同没有调试信息一样
     1>libcef_dll_wrapper.lib(navigation_entry_visitor_cpptoc.obj) : warning LNK4099: 未找到 PDB“vc120.pdb”(使用“libcef_dll_wrapper.lib(navigation_entry_visitor_cpptoc.obj)”或在“E:\Source\MFC\JovTool\Release\vc120.pdb”中寻找)；正在链接对象，如同没有调试信息一样
     1>libcef_dll_wrapper.lib(pdf_print_callback_cpptoc.obj) : warning LNK4099: 未找到 PDB“vc120.pdb”(使用“libcef_dll_wrapper.lib(pdf_print_callback_cpptoc.obj)”或在“E:\Source\MFC\JovTool\Release\vc120.pdb”中寻找)；正在链接对象，如同没有调试信息一样
     1>libcef_dll_wrapper.lib(print_handler_cpptoc.obj) : warning LNK4099: 未找到 PDB“vc120.pdb”(使用“libcef_dll_wrapper.lib(print_handler_cpptoc.obj)”或在“E:\Source\MFC\JovTool\Release\vc120.pdb”中寻找)；正在链接对象，如同没有调试信息一样
     1>libcef_dll_wrapper.lib(render_handler_cpptoc.obj) : warning LNK4099: 未找到 PDB“vc120.pdb”(使用“libcef_dll_wrapper.lib(render_handler_cpptoc.obj)”或在“E:\Source\MFC\JovTool\Release\vc120.pdb”中寻找)；正在链接对象，如同没有调试信息一样
     1>libcef_dll_wrapper.lib(render_process_handler_cpptoc.obj) : warning LNK4099: 未找到 PDB“vc120.pdb”(使用“libcef_dll_wrapper.lib(render_process_handler_cpptoc.obj)”或在“E:\Source\MFC\JovTool\Release\vc120.pdb”中寻找)；正在链接对象，如同没有调试信息一样
     1>libcef_dll_wrapper.lib(request_context_handler_cpptoc.obj) : warning LNK4099: 未找到 PDB“vc120.pdb”(使用“libcef_dll_wrapper.lib(request_context_handler_cpptoc.obj)”或在“E:\Source\MFC\JovTool\Release\vc120.pdb”中寻找)；正在链接对象，如同没有调试信息一样
     1>libcef_dll_wrapper.lib(request_handler_cpptoc.obj) : warning LNK4099: 未找到 PDB“vc120.pdb”(使用“libcef_dll_wrapper.lib(request_handler_cpptoc.obj)”或在“E:\Source\MFC\JovTool\Release\vc120.pdb”中寻找)；正在链接对象，如同没有调试信息一样
     1>libcef_dll_wrapper.lib(resolve_callback_cpptoc.obj) : warning LNK4099: 未找到 PDB“vc120.pdb”(使用“libcef_dll_wrapper.lib(resolve_callback_cpptoc.obj)”或在“E:\Source\MFC\JovTool\Release\vc120.pdb”中寻找)；正在链接对象，如同没有调试信息一样
     1>libcef_dll_wrapper.lib(resource_bundle_handler_cpptoc.obj) : warning LNK4099: 未找到 PDB“vc120.pdb”(使用“libcef_dll_wrapper.lib(resource_bundle_handler_cpptoc.obj)”或在“E:\Source\MFC\JovTool\Release\vc120.pdb”中寻找)；正在链接对象，如同没有调试信息一样
     1>libcef_dll_wrapper.lib(resource_handler_cpptoc.obj) : warning LNK4099: 未找到 PDB“vc120.pdb”(使用“libcef_dll_wrapper.lib(resource_handler_cpptoc.obj)”或在“E:\Source\MFC\JovTool\Release\vc120.pdb”中寻找)；正在链接对象，如同没有调试信息一样
     1>libcef_dll_wrapper.lib(response_filter_cpptoc.obj) : warning LNK4099: 未找到 PDB“vc120.pdb”(使用“libcef_dll_wrapper.lib(response_filter_cpptoc.obj)”或在“E:\Source\MFC\JovTool\Release\vc120.pdb”中寻找)；正在链接对象，如同没有调试信息一样
     1>libcef_dll_wrapper.lib(run_file_dialog_callback_cpptoc.obj) : warning LNK4099: 未找到 PDB“vc120.pdb”(使用“libcef_dll_wrapper.lib(run_file_dialog_callback_cpptoc.obj)”或在“E:\Source\MFC\JovTool\Release\vc120.pdb”中寻找)；正在链接对象，如同没有调试信息一样
     1>libcef_dll_wrapper.lib(scheme_handler_factory_cpptoc.obj) : warning LNK4099: 未找到 PDB“vc120.pdb”(使用“libcef_dll_wrapper.lib(scheme_handler_factory_cpptoc.obj)”或在“E:\Source\MFC\JovTool\Release\vc120.pdb”中寻找)；正在链接对象，如同没有调试信息一样
     1>libcef_dll_wrapper.lib(set_cookie_callback_cpptoc.obj) : warning LNK4099: 未找到 PDB“vc120.pdb”(使用“libcef_dll_wrapper.lib(set_cookie_callback_cpptoc.obj)”或在“E:\Source\MFC\JovTool\Release\vc120.pdb”中寻找)；正在链接对象，如同没有调试信息一样
     1>libcef_dll_wrapper.lib(string_visitor_cpptoc.obj) : warning LNK4099: 未找到 PDB“vc120.pdb”(使用“libcef_dll_wrapper.lib(string_visitor_cpptoc.obj)”或在“E:\Source\MFC\JovTool\Release\vc120.pdb”中寻找)；正在链接对象，如同没有调试信息一样
     1>libcef_dll_wrapper.lib(task_cpptoc.obj) : warning LNK4099: 未找到 PDB“vc120.pdb”(使用“libcef_dll_wrapper.lib(task_cpptoc.obj)”或在“E:\Source\MFC\JovTool\Release\vc120.pdb”中寻找)；正在链接对象，如同没有调试信息一样
     1>libcef_dll_wrapper.lib(v8accessor_cpptoc.obj) : warning LNK4099: 未找到 PDB“vc120.pdb”(使用“libcef_dll_wrapper.lib(v8accessor_cpptoc.obj)”或在“E:\Source\MFC\JovTool\Release\vc120.pdb”中寻找)；正在链接对象，如同没有调试信息一样
     1>libcef_dll_wrapper.lib(v8handler_cpptoc.obj) : warning LNK4099: 未找到 PDB“vc120.pdb”(使用“libcef_dll_wrapper.lib(v8handler_cpptoc.obj)”或在“E:\Source\MFC\JovTool\Release\vc120.pdb”中寻找)；正在链接对象，如同没有调试信息一样
     1>libcef_dll_wrapper.lib(web_plugin_info_visitor_cpptoc.obj) : warning LNK4099: 未找到 PDB“vc120.pdb”(使用“libcef_dll_wrapper.lib(web_plugin_info_visitor_cpptoc.obj)”或在“E:\Source\MFC\JovTool\Release\vc120.pdb”中寻找)；正在链接对象，如同没有调试信息一样
     1>libcef_dll_wrapper.lib(web_plugin_unstable_callback_cpptoc.obj) : warning LNK4099: 未找到 PDB“vc120.pdb”(使用“libcef_dll_wrapper.lib(web_plugin_unstable_callback_cpptoc.obj)”或在“E:\Source\MFC\JovTool\Release\vc120.pdb”中寻找)；正在链接对象，如同没有调试信息一样
     1>libcef_dll_wrapper.lib(write_handler_cpptoc.obj) : warning LNK4099: 未找到 PDB“vc120.pdb”(使用“libcef_dll_wrapper.lib(write_handler_cpptoc.obj)”或在“E:\Source\MFC\JovTool\Release\vc120.pdb”中寻找)；正在链接对象，如同没有调试信息一样
     1>libcef_dll_wrapper.lib(auth_callback_ctocpp.obj) : warning LNK4099: 未找到 PDB“vc120.pdb”(使用“libcef_dll_wrapper.lib(auth_callback_ctocpp.obj)”或在“E:\Source\MFC\JovTool\Release\vc120.pdb”中寻找)；正在链接对象，如同没有调试信息一样
     1>libcef_dll_wrapper.lib(before_download_callback_ctocpp.obj) : warning LNK4099: 未找到 PDB“vc120.pdb”(使用“libcef_dll_wrapper.lib(before_download_callback_ctocpp.obj)”或在“E:\Source\MFC\JovTool\Release\vc120.pdb”中寻找)；正在链接对象，如同没有调试信息一样
     1>libcef_dll_wrapper.lib(binary_value_ctocpp.obj) : warning LNK4099: 未找到 PDB“vc120.pdb”(使用“libcef_dll_wrapper.lib(binary_value_ctocpp.obj)”或在“E:\Source\MFC\JovTool\Release\vc120.pdb”中寻找)；正在链接对象，如同没有调试信息一样
     1>libcef_dll_wrapper.lib(browser_ctocpp.obj) : warning LNK4099: 未找到 PDB“vc120.pdb”(使用“libcef_dll_wrapper.lib(browser_ctocpp.obj)”或在“E:\Source\MFC\JovTool\Release\vc120.pdb”中寻找)；正在链接对象，如同没有调试信息一样
     1>libcef_dll_wrapper.lib(browser_host_ctocpp.obj) : warning LNK4099: 未找到 PDB“vc120.pdb”(使用“libcef_dll_wrapper.lib(browser_host_ctocpp.obj)”或在“E:\Source\MFC\JovTool\Release\vc120.pdb”中寻找)；正在链接对象，如同没有调试信息一样
     1>libcef_dll_wrapper.lib(callback_ctocpp.obj) : warning LNK4099: 未找到 PDB“vc120.pdb”(使用“libcef_dll_wrapper.lib(callback_ctocpp.obj)”或在“E:\Source\MFC\JovTool\Release\vc120.pdb”中寻找)；正在链接对象，如同没有调试信息一样
     1>libcef_dll_wrapper.lib(command_line_ctocpp.obj) : warning LNK4099: 未找到 PDB“vc120.pdb”(使用“libcef_dll_wrapper.lib(command_line_ctocpp.obj)”或在“E:\Source\MFC\JovTool\Release\vc120.pdb”中寻找)；正在链接对象，如同没有调试信息一样
     1>libcef_dll_wrapper.lib(context_menu_params_ctocpp.obj) : warning LNK4099: 未找到 PDB“vc120.pdb”(使用“libcef_dll_wrapper.lib(context_menu_params_ctocpp.obj)”或在“E:\Source\MFC\JovTool\Release\vc120.pdb”中寻找)；正在链接对象，如同没有调试信息一样
     1>libcef_dll_wrapper.lib(cookie_manager_ctocpp.obj) : warning LNK4099: 未找到 PDB“vc120.pdb”(使用“libcef_dll_wrapper.lib(cookie_manager_ctocpp.obj)”或在“E:\Source\MFC\JovTool\Release\vc120.pdb”中寻找)；正在链接对象，如同没有调试信息一样
     1>libcef_dll_wrapper.lib(dictionary_value_ctocpp.obj) : warning LNK4099: 未找到 PDB“vc120.pdb”(使用“libcef_dll_wrapper.lib(dictionary_value_ctocpp.obj)”或在“E:\Source\MFC\JovTool\Release\vc120.pdb”中寻找)；正在链接对象，如同没有调试信息一样
     1>libcef_dll_wrapper.lib(domdocument_ctocpp.obj) : warning LNK4099: 未找到 PDB“vc120.pdb”(使用“libcef_dll_wrapper.lib(domdocument_ctocpp.obj)”或在“E:\Source\MFC\JovTool\Release\vc120.pdb”中寻找)；正在链接对象，如同没有调试信息一样
     1>libcef_dll_wrapper.lib(domnode_ctocpp.obj) : warning LNK4099: 未找到 PDB“vc120.pdb”(使用“libcef_dll_wrapper.lib(domnode_ctocpp.obj)”或在“E:\Source\MFC\JovTool\Release\vc120.pdb”中寻找)；正在链接对象，如同没有调试信息一样
     1>libcef_dll_wrapper.lib(download_item_callback_ctocpp.obj) : warning LNK4099: 未找到 PDB“vc120.pdb”(使用“libcef_dll_wrapper.lib(download_item_callback_ctocpp.obj)”或在“E:\Source\MFC\JovTool\Release\vc120.pdb”中寻找)；正在链接对象，如同没有调试信息一样
     1>libcef_dll_wrapper.lib(download_item_ctocpp.obj) : warning LNK4099: 未找到 PDB“vc120.pdb”(使用“libcef_dll_wrapper.lib(download_item_ctocpp.obj)”或在“E:\Source\MFC\JovTool\Release\vc120.pdb”中寻找)；正在链接对象，如同没有调试信息一样
     1>libcef_dll_wrapper.lib(drag_data_ctocpp.obj) : warning LNK4099: 未找到 PDB“vc120.pdb”(使用“libcef_dll_wrapper.lib(drag_data_ctocpp.obj)”或在“E:\Source\MFC\JovTool\Release\vc120.pdb”中寻找)；正在链接对象，如同没有调试信息一样
     1>libcef_dll_wrapper.lib(file_dialog_callback_ctocpp.obj) : warning LNK4099: 未找到 PDB“vc120.pdb”(使用“libcef_dll_wrapper.lib(file_dialog_callback_ctocpp.obj)”或在“E:\Source\MFC\JovTool\Release\vc120.pdb”中寻找)；正在链接对象，如同没有调试信息一样
     1>libcef_dll_wrapper.lib(frame_ctocpp.obj) : warning LNK4099: 未找到 PDB“vc120.pdb”(使用“libcef_dll_wrapper.lib(frame_ctocpp.obj)”或在“E:\Source\MFC\JovTool\Release\vc120.pdb”中寻找)；正在链接对象，如同没有调试信息一样
     1>libcef_dll_wrapper.lib(geolocation_callback_ctocpp.obj) : warning LNK4099: 未找到 PDB“vc120.pdb”(使用“libcef_dll_wrapper.lib(geolocation_callback_ctocpp.obj)”或在“E:\Source\MFC\JovTool\Release\vc120.pdb”中寻找)；正在链接对象，如同没有调试信息一样
     1>libcef_dll_wrapper.lib(jsdialog_callback_ctocpp.obj) : warning LNK4099: 未找到 PDB“vc120.pdb”(使用“libcef_dll_wrapper.lib(jsdialog_callback_ctocpp.obj)”或在“E:\Source\MFC\JovTool\Release\vc120.pdb”中寻找)；正在链接对象，如同没有调试信息一样
     1>libcef_dll_wrapper.lib(list_value_ctocpp.obj) : warning LNK4099: 未找到 PDB“vc120.pdb”(使用“libcef_dll_wrapper.lib(list_value_ctocpp.obj)”或在“E:\Source\MFC\JovTool\Release\vc120.pdb”中寻找)；正在链接对象，如同没有调试信息一样
     1>libcef_dll_wrapper.lib(menu_model_ctocpp.obj) : warning LNK4099: 未找到 PDB“vc120.pdb”(使用“libcef_dll_wrapper.lib(menu_model_ctocpp.obj)”或在“E:\Source\MFC\JovTool\Release\vc120.pdb”中寻找)；正在链接对象，如同没有调试信息一样
     1>libcef_dll_wrapper.lib(navigation_entry_ctocpp.obj) : warning LNK4099: 未找到 PDB“vc120.pdb”(使用“libcef_dll_wrapper.lib(navigation_entry_ctocpp.obj)”或在“E:\Source\MFC\JovTool\Release\vc120.pdb”中寻找)；正在链接对象，如同没有调试信息一样
     1>libcef_dll_wrapper.lib(post_data_ctocpp.obj) : warning LNK4099: 未找到 PDB“vc120.pdb”(使用“libcef_dll_wrapper.lib(post_data_ctocpp.obj)”或在“E:\Source\MFC\JovTool\Release\vc120.pdb”中寻找)；正在链接对象，如同没有调试信息一样
     1>libcef_dll_wrapper.lib(post_data_element_ctocpp.obj) : warning LNK4099: 未找到 PDB“vc120.pdb”(使用“libcef_dll_wrapper.lib(post_data_element_ctocpp.obj)”或在“E:\Source\MFC\JovTool\Release\vc120.pdb”中寻找)；正在链接对象，如同没有调试信息一样
     1>libcef_dll_wrapper.lib(print_dialog_callback_ctocpp.obj) : warning LNK4099: 未找到 PDB“vc120.pdb”(使用“libcef_dll_wrapper.lib(print_dialog_callback_ctocpp.obj)”或在“E:\Source\MFC\JovTool\Release\vc120.pdb”中寻找)；正在链接对象，如同没有调试信息一样
     1>libcef_dll_wrapper.lib(print_job_callback_ctocpp.obj) : warning LNK4099: 未找到 PDB“vc120.pdb”(使用“libcef_dll_wrapper.lib(print_job_callback_ctocpp.obj)”或在“E:\Source\MFC\JovTool\Release\vc120.pdb”中寻找)；正在链接对象，如同没有调试信息一样
     1>libcef_dll_wrapper.lib(print_settings_ctocpp.obj) : warning LNK4099: 未找到 PDB“vc120.pdb”(使用“libcef_dll_wrapper.lib(print_settings_ctocpp.obj)”或在“E:\Source\MFC\JovTool\Release\vc120.pdb”中寻找)；正在链接对象，如同没有调试信息一样
     1>libcef_dll_wrapper.lib(process_message_ctocpp.obj) : warning LNK4099: 未找到 PDB“vc120.pdb”(使用“libcef_dll_wrapper.lib(process_message_ctocpp.obj)”或在“E:\Source\MFC\JovTool\Release\vc120.pdb”中寻找)；正在链接对象，如同没有调试信息一样
     1>libcef_dll_wrapper.lib(request_callback_ctocpp.obj) : warning LNK4099: 未找到 PDB“vc120.pdb”(使用“libcef_dll_wrapper.lib(request_callback_ctocpp.obj)”或在“E:\Source\MFC\JovTool\Release\vc120.pdb”中寻找)；正在链接对象，如同没有调试信息一样
     1>libcef_dll_wrapper.lib(request_context_ctocpp.obj) : warning LNK4099: 未找到 PDB“vc120.pdb”(使用“libcef_dll_wrapper.lib(request_context_ctocpp.obj)”或在“E:\Source\MFC\JovTool\Release\vc120.pdb”中寻找)；正在链接对象，如同没有调试信息一样
     1>libcef_dll_wrapper.lib(request_ctocpp.obj) : warning LNK4099: 未找到 PDB“vc120.pdb”(使用“libcef_dll_wrapper.lib(request_ctocpp.obj)”或在“E:\Source\MFC\JovTool\Release\vc120.pdb”中寻找)；正在链接对象，如同没有调试信息一样
     1>libcef_dll_wrapper.lib(response_ctocpp.obj) : warning LNK4099: 未找到 PDB“vc120.pdb”(使用“libcef_dll_wrapper.lib(response_ctocpp.obj)”或在“E:\Source\MFC\JovTool\Release\vc120.pdb”中寻找)；正在链接对象，如同没有调试信息一样
     1>libcef_dll_wrapper.lib(run_context_menu_callback_ctocpp.obj) : warning LNK4099: 未找到 PDB“vc120.pdb”(使用“libcef_dll_wrapper.lib(run_context_menu_callback_ctocpp.obj)”或在“E:\Source\MFC\JovTool\Release\vc120.pdb”中寻找)；正在链接对象，如同没有调试信息一样
     1>libcef_dll_wrapper.lib(scheme_registrar_ctocpp.obj) : warning LNK4099: 未找到 PDB“vc120.pdb”(使用“libcef_dll_wrapper.lib(scheme_registrar_ctocpp.obj)”或在“E:\Source\MFC\JovTool\Release\vc120.pdb”中寻找)；正在链接对象，如同没有调试信息一样
     1>libcef_dll_wrapper.lib(sslcert_principal_ctocpp.obj) : warning LNK4099: 未找到 PDB“vc120.pdb”(使用“libcef_dll_wrapper.lib(sslcert_principal_ctocpp.obj)”或在“E:\Source\MFC\JovTool\Release\vc120.pdb”中寻找)；正在链接对象，如同没有调试信息一样
     1>libcef_dll_wrapper.lib(sslinfo_ctocpp.obj) : warning LNK4099: 未找到 PDB“vc120.pdb”(使用“libcef_dll_wrapper.lib(sslinfo_ctocpp.obj)”或在“E:\Source\MFC\JovTool\Release\vc120.pdb”中寻找)；正在链接对象，如同没有调试信息一样
     1>libcef_dll_wrapper.lib(stream_writer_ctocpp.obj) : warning LNK4099: 未找到 PDB“vc120.pdb”(使用“libcef_dll_wrapper.lib(stream_writer_ctocpp.obj)”或在“E:\Source\MFC\JovTool\Release\vc120.pdb”中寻找)；正在链接对象，如同没有调试信息一样
     1>libcef_dll_wrapper.lib(task_runner_ctocpp.obj) : warning LNK4099: 未找到 PDB“vc120.pdb”(使用“libcef_dll_wrapper.lib(task_runner_ctocpp.obj)”或在“E:\Source\MFC\JovTool\Release\vc120.pdb”中寻找)；正在链接对象，如同没有调试信息一样
     1>libcef_dll_wrapper.lib(v8context_ctocpp.obj) : warning LNK4099: 未找到 PDB“vc120.pdb”(使用“libcef_dll_wrapper.lib(v8context_ctocpp.obj)”或在“E:\Source\MFC\JovTool\Release\vc120.pdb”中寻找)；正在链接对象，如同没有调试信息一样
     1>libcef_dll_wrapper.lib(v8exception_ctocpp.obj) : warning LNK4099: 未找到 PDB“vc120.pdb”(使用“libcef_dll_wrapper.lib(v8exception_ctocpp.obj)”或在“E:\Source\MFC\JovTool\Release\vc120.pdb”中寻找)；正在链接对象，如同没有调试信息一样
     1>libcef_dll_wrapper.lib(v8stack_frame_ctocpp.obj) : warning LNK4099: 未找到 PDB“vc120.pdb”(使用“libcef_dll_wrapper.lib(v8stack_frame_ctocpp.obj)”或在“E:\Source\MFC\JovTool\Release\vc120.pdb”中寻找)；正在链接对象，如同没有调试信息一样
     1>libcef_dll_wrapper.lib(v8stack_trace_ctocpp.obj) : warning LNK4099: 未找到 PDB“vc120.pdb”(使用“libcef_dll_wrapper.lib(v8stack_trace_ctocpp.obj)”或在“E:\Source\MFC\JovTool\Release\vc120.pdb”中寻找)；正在链接对象，如同没有调试信息一样
     1>libcef_dll_wrapper.lib(v8value_ctocpp.obj) : warning LNK4099: 未找到 PDB“vc120.pdb”(使用“libcef_dll_wrapper.lib(v8value_ctocpp.obj)”或在“E:\Source\MFC\JovTool\Release\vc120.pdb”中寻找)；正在链接对象，如同没有调试信息一样
     1>libcef_dll_wrapper.lib(value_ctocpp.obj) : warning LNK4099: 未找到 PDB“vc120.pdb”(使用“libcef_dll_wrapper.lib(value_ctocpp.obj)”或在“E:\Source\MFC\JovTool\Release\vc120.pdb”中寻找)；正在链接对象，如同没有调试信息一样
     1>libcef_dll_wrapper.lib(web_plugin_info_ctocpp.obj) : warning LNK4099: 未找到 PDB“vc120.pdb”(使用“libcef_dll_wrapper.lib(web_plugin_info_ctocpp.obj)”或在“E:\Source\MFC\JovTool\Release\vc120.pdb”中寻找)；正在链接对象，如同没有调试信息一样
     1>libcef_dll_wrapper.lib(cef_closure_task.obj) : warning LNK4099: 未找到 PDB“vc120.pdb”(使用“libcef_dll_wrapper.lib(cef_closure_task.obj)”或在“E:\Source\MFC\JovTool\Release\vc120.pdb”中寻找)；正在链接对象，如同没有调试信息一样
     1>libcef_dll_wrapper.lib(libcef_dll_wrapper.obj) : warning LNK4099: 未找到 PDB“vc120.pdb”(使用“libcef_dll_wrapper.lib(libcef_dll_wrapper.obj)”或在“E:\Source\MFC\JovTool\Release\vc120.pdb”中寻找)；正在链接对象，如同没有调试信息一样
         JovTool.vcxproj -> E:\Source\MFC\JovTool\Release\JovTool.exe
     1>已完成生成项目“E:\Source\MFC\JovTool\JovTool\JovTool.vcxproj”(Rebuild 个目标)的操作。

生成成功。

已用时间 00:01:21.56
